<?xml version="1.0" encoding="utf-8"?>
<TestRun id="b1c5a251-af7c-4527-ac89-17b7bfdfa841" name="@macbook-pro 2026-03-30 14:46:28" xmlns="http://microsoft.com/schemas/VisualStudio/TeamTest/2010">
  <Times creation="2026-03-30T14:46:28.6882760+02:00" queuing="2026-03-30T14:46:28.6882760+02:00" start="2026-03-30T14:46:26.8412620+02:00" finish="2026-03-30T14:46:28.6891670+02:00" />
  <TestSettings name="default" id="b77efb8b-9f4d-4bc8-8fc5-ed0aedd702af">
    <Deployment runDeploymentRoot="_macbook-pro_2026-03-30_14_46_28" />
  </TestSettings>
  <TestLists>
    <TestList name="Les résultats ne figurent pas dans une liste" id="8c84fa94-04c1-424b-9868-57a2d4851a1d" />
    <TestList name="Tous les résultats chargés" id="19431567-8539-422a-85d7-44ee4e166bda" />
  </TestLists>
  <ResultSummary outcome="Completed">
    <Counters total="0" executed="0" passed="0" failed="0" error="0" timeout="0" aborted="0" inconclusive="0" passedButRunAborted="0" notRunnable="0" notExecuted="0" disconnected="0" warning="0" completed="0" inProgress="0" pending="0" />
    <Output>
      <StdOut>[xUnit.net 00:00:00.02] xUnit.net VSTest Adapter v3.1.4+50e68bbb8b (64-bit .NET 10.0.5)
[xUnit.net 00:00:00.22]   Discovering: AquaPlan.Application.Tests
[xUnit.net 00:00:00.24]   Discovered:  AquaPlan.Application.Tests
</StdOut>
    </Output>
    <RunInfos>
      <RunInfo computerName="macbook-pro" outcome="Warning" timestamp="2026-03-30T14:46:28.4894820+02:00">
        <Text>Aucun test n'est disponible dans /Users/francois/Documents/Claude/Projects/AquaPlan/tests/AquaPlan.Application.Tests/bin/Debug/net10.0/AquaPlan.Application.Tests.dll. Vérifiez que les découvreurs et exécuteurs de tests sont inscrits. Vérifiez également que les paramètres de version de plateforme et de framework sont appropriés, puis réessayez.</Text>
      </RunInfo>
    </RunInfos>
  </ResultSummary>
</TestRun>