<?xml version="1.0" encoding="utf-8"?>
<TestRun id="88544090-6cd9-4e5b-bd71-a8cd21eb33fa" name="@macbook-pro 2026-03-30 14:46:23" xmlns="http://microsoft.com/schemas/VisualStudio/TeamTest/2010">
  <Times creation="2026-03-30T14:46:23.8250300+02:00" queuing="2026-03-30T14:46:23.8250300+02:00" start="2026-03-30T14:46:23.0150230+02:00" finish="2026-03-30T14:46:23.8259740+02:00" />
  <TestSettings name="default" id="3f2387ad-e69b-4e1a-808b-62c16ae73fa1">
    <Deployment runDeploymentRoot="_macbook-pro_2026-03-30_14_46_23" />
  </TestSettings>
  <TestLists>
    <TestList name="Les résultats ne figurent pas dans une liste" id="8c84fa94-04c1-424b-9868-57a2d4851a1d" />
    <TestList name="Tous les résultats chargés" id="19431567-8539-422a-85d7-44ee4e166bda" />
  </TestLists>
  <ResultSummary outcome="Failed">
    <Counters total="0" executed="0" passed="0" failed="0" error="0" timeout="0" aborted="0" inconclusive="0" passedButRunAborted="0" notRunnable="0" notExecuted="0" disconnected="0" warning="0" completed="0" inProgress="0" pending="0" />
    <Output>
      <StdOut>Error:
  An assembly specified in the application dependencies manifest (AquaPlan.Tests.Shared.deps.json) was not found:
    package: 'Castle.Core', version: '5.1.1'
    path: 'lib/net6.0/Castle.Core.dll'
</StdOut>
    </Output>
    <RunInfos>
      <RunInfo computerName="macbook-pro" outcome="Error" timestamp="2026-03-30T14:46:23.7149100+02:00">
        <Text>Le processus Testhost pour la ou les sources '/Users/francois/Documents/Claude/Projects/AquaPlan/tests/AquaPlan.Tests.Shared/bin/Debug/net10.0/AquaPlan.Tests.Shared.dll' s’est arrêté. Erreur : Error:
  An assembly specified in the application dependencies manifest (AquaPlan.Tests.Shared.deps.json) was not found:
    package: 'Castle.Core', version: '5.1.1'
    path: 'lib/net6.0/Castle.Core.dll'
. Pour plus d’informations, consultez les journaux de diagnostic.</Text>
      </RunInfo>
    </RunInfos>
  </ResultSummary>
</TestRun>