<?xml version="1.0" encoding="utf-8"?>
<TestRun id="8853ce4b-22b2-4d73-9cf5-31a481f222cf" name="@macbook-pro 2026-03-30 14:46:31" xmlns="http://microsoft.com/schemas/VisualStudio/TeamTest/2010">
  <Times creation="2026-03-30T14:46:31.8982360+02:00" queuing="2026-03-30T14:46:31.8982360+02:00" start="2026-03-30T14:46:29.6699960+02:00" finish="2026-03-30T14:46:31.9079950+02:00" />
  <TestSettings name="default" id="e9cbe1e0-c58a-477b-83bd-715523d2a67b">
    <Deployment runDeploymentRoot="_macbook-pro_2026-03-30_14_46_31" />
  </TestSettings>
  <Results>
    <UnitTestResult executionId="e3de8889-61d8-4da0-8f4a-02c36838d163" testId="fd8d9bc2-17cb-beda-6684-15ec3458b499" testName="AquaPlan.Infrastructure.Tests.Services.OidcUserServiceTest.FindByExternalIdAsync_ShouldReturnNull_WhenNotExists" computerName="macbook-pro" duration="00:00:00.0066570" startTime="2026-03-30T14:46:31.6834410+02:00" endTime="2026-03-30T14:46:31.6899990+02:00" testType="13cdc9d9-ddb5-4fa4-a97d-d965ccfc6d4b" outcome="Passed" testListId="8c84fa94-04c1-424b-9868-57a2d4851a1d" relativeResultsDirectory="e3de8889-61d8-4da0-8f4a-02c36838d163" />
    <UnitTestResult executionId="02912660-05f6-450c-bd29-3548d9457334" testId="aa291824-2409-3ed0-dfac-d6ad7218c533" testName="AquaPlan.Infrastructure.Tests.Services.OidcUserServiceTest.FindOrCreateFromExternalLoginAsync_ShouldThrow_WhenCreateFails" computerName="macbook-pro" duration="00:00:00.0313605" startTime="2026-03-30T14:46:31.6368130+02:00" endTime="2026-03-30T14:46:31.6650910+02:00" testType="13cdc9d9-ddb5-4fa4-a97d-d965ccfc6d4b" outcome="Passed" testListId="8c84fa94-04c1-424b-9868-57a2d4851a1d" relativeResultsDirectory="02912660-05f6-450c-bd29-3548d9457334" />
    <UnitTestResult executionId="cdd2b1a1-cd05-44d3-82cd-348f5784a46b" testId="4431ae55-8b45-9a9d-9c20-9e3796ce2f88" testName="AquaPlan.Infrastructure.Tests.Services.OidcUserServiceTest.FindOrCreateFromExternalLoginAsync_ShouldLinkExternalId_WhenEmailUserExists" computerName="macbook-pro" duration="00:00:00.0167764" startTime="2026-03-30T14:46:31.6353170+02:00" endTime="2026-03-30T14:46:31.6354530+02:00" testType="13cdc9d9-ddb5-4fa4-a97d-d965ccfc6d4b" outcome="Passed" testListId="8c84fa94-04c1-424b-9868-57a2d4851a1d" relativeResultsDirectory="cdd2b1a1-cd05-44d3-82cd-348f5784a46b" />
    <UnitTestResult executionId="f1779f66-25c2-4152-ad4a-1cc114fcfe5f" testId="af71bdc7-8988-80c9-c3dc-617d68ac6542" testName="AquaPlan.Infrastructure.Tests.Services.OidcUserServiceTest.FindByExternalIdAsync_ShouldReturnUser_WhenExists" computerName="macbook-pro" duration="00:00:00.0080579" startTime="2026-03-30T14:46:31.6653250+02:00" endTime="2026-03-30T14:46:31.6732720+02:00" testType="13cdc9d9-ddb5-4fa4-a97d-d965ccfc6d4b" outcome="Passed" testListId="8c84fa94-04c1-424b-9868-57a2d4851a1d" relativeResultsDirectory="f1779f66-25c2-4152-ad4a-1cc114fcfe5f" />
    <UnitTestResult executionId="86175280-9c78-429f-a559-47ef342f7fdf" testId="32d9ace5-46c6-9e52-ce09-c30162860c97" testName="AquaPlan.Infrastructure.Tests.Services.OidcUserServiceTest.FindOrCreateFromExternalLoginAsync_ShouldReturnExistingUser_WhenExternalIdMatches" computerName="macbook-pro" duration="00:00:00.0097885" startTime="2026-03-30T14:46:31.6738840+02:00" endTime="2026-03-30T14:46:31.6832310+02:00" testType="13cdc9d9-ddb5-4fa4-a97d-d965ccfc6d4b" outcome="Passed" testListId="8c84fa94-04c1-424b-9868-57a2d4851a1d" relativeResultsDirectory="86175280-9c78-429f-a559-47ef342f7fdf" />
    <UnitTestResult executionId="54a4bfc5-7d4c-4a11-b659-9d0712cb8dba" testId="5fc1a88b-6413-fffd-264b-d686e8774640" testName="AquaPlan.Infrastructure.Tests.Services.OidcUserServiceTest.FindOrCreateFromExternalLoginAsync_ShouldCreateNewUser_WhenNoMatchFound" computerName="macbook-pro" duration="00:00:00.3004713" startTime="2026-03-30T14:46:31.3070690+02:00" endTime="2026-03-30T14:46:31.6162230+02:00" testType="13cdc9d9-ddb5-4fa4-a97d-d965ccfc6d4b" outcome="Passed" testListId="8c84fa94-04c1-424b-9868-57a2d4851a1d" relativeResultsDirectory="54a4bfc5-7d4c-4a11-b659-9d0712cb8dba" />
  </Results>
  <TestDefinitions>
    <UnitTest name="AquaPlan.Infrastructure.Tests.Services.OidcUserServiceTest.FindOrCreateFromExternalLoginAsync_ShouldThrow_WhenCreateFails" storage="/users/francois/documents/claude/projects/aquaplan/tests/aquaplan.infrastructure.tests/bin/debug/net10.0/aquaplan.infrastructure.tests.dll" id="aa291824-2409-3ed0-dfac-d6ad7218c533">
      <Execution id="02912660-05f6-450c-bd29-3548d9457334" />
      <TestMethod codeBase="/Users/francois/Documents/Claude/Projects/AquaPlan/tests/AquaPlan.Infrastructure.Tests/bin/Debug/net10.0/AquaPlan.Infrastructure.Tests.dll" adapterTypeName="executor://xunit/VsTestRunner3/netcore/" className="AquaPlan.Infrastructure.Tests.Services.OidcUserServiceTest" name="FindOrCreateFromExternalLoginAsync_ShouldThrow_WhenCreateFails" />
    </UnitTest>
    <UnitTest name="AquaPlan.Infrastructure.Tests.Services.OidcUserServiceTest.FindOrCreateFromExternalLoginAsync_ShouldCreateNewUser_WhenNoMatchFound" storage="/users/francois/documents/claude/projects/aquaplan/tests/aquaplan.infrastructure.tests/bin/debug/net10.0/aquaplan.infrastructure.tests.dll" id="5fc1a88b-6413-fffd-264b-d686e8774640">
      <Execution id="54a4bfc5-7d4c-4a11-b659-9d0712cb8dba" />
      <TestMethod codeBase="/Users/francois/Documents/Claude/Projects/AquaPlan/tests/AquaPlan.Infrastructure.Tests/bin/Debug/net10.0/AquaPlan.Infrastructure.Tests.dll" adapterTypeName="executor://xunit/VsTestRunner3/netcore/" className="AquaPlan.Infrastructure.Tests.Services.OidcUserServiceTest" name="FindOrCreateFromExternalLoginAsync_ShouldCreateNewUser_WhenNoMatchFound" />
    </UnitTest>
    <UnitTest name="AquaPlan.Infrastructure.Tests.Services.OidcUserServiceTest.FindByExternalIdAsync_ShouldReturnNull_WhenNotExists" storage="/users/francois/documents/claude/projects/aquaplan/tests/aquaplan.infrastructure.tests/bin/debug/net10.0/aquaplan.infrastructure.tests.dll" id="fd8d9bc2-17cb-beda-6684-15ec3458b499">
      <Execution id="e3de8889-61d8-4da0-8f4a-02c36838d163" />
      <TestMethod codeBase="/Users/francois/Documents/Claude/Projects/AquaPlan/tests/AquaPlan.Infrastructure.Tests/bin/Debug/net10.0/AquaPlan.Infrastructure.Tests.dll" adapterTypeName="executor://xunit/VsTestRunner3/netcore/" className="AquaPlan.Infrastructure.Tests.Services.OidcUserServiceTest" name="FindByExternalIdAsync_ShouldReturnNull_WhenNotExists" />
    </UnitTest>
    <UnitTest name="AquaPlan.Infrastructure.Tests.Services.OidcUserServiceTest.FindOrCreateFromExternalLoginAsync_ShouldLinkExternalId_WhenEmailUserExists" storage="/users/francois/documents/claude/projects/aquaplan/tests/aquaplan.infrastructure.tests/bin/debug/net10.0/aquaplan.infrastructure.tests.dll" id="4431ae55-8b45-9a9d-9c20-9e3796ce2f88">
      <Execution id="cdd2b1a1-cd05-44d3-82cd-348f5784a46b" />
      <TestMethod codeBase="/Users/francois/Documents/Claude/Projects/AquaPlan/tests/AquaPlan.Infrastructure.Tests/bin/Debug/net10.0/AquaPlan.Infrastructure.Tests.dll" adapterTypeName="executor://xunit/VsTestRunner3/netcore/" className="AquaPlan.Infrastructure.Tests.Services.OidcUserServiceTest" name="FindOrCreateFromExternalLoginAsync_ShouldLinkExternalId_WhenEmailUserExists" />
    </UnitTest>
    <UnitTest name="AquaPlan.Infrastructure.Tests.Services.OidcUserServiceTest.FindByExternalIdAsync_ShouldReturnUser_WhenExists" storage="/users/francois/documents/claude/projects/aquaplan/tests/aquaplan.infrastructure.tests/bin/debug/net10.0/aquaplan.infrastructure.tests.dll" id="af71bdc7-8988-80c9-c3dc-617d68ac6542">
      <Execution id="f1779f66-25c2-4152-ad4a-1cc114fcfe5f" />
      <TestMethod codeBase="/Users/francois/Documents/Claude/Projects/AquaPlan/tests/AquaPlan.Infrastructure.Tests/bin/Debug/net10.0/AquaPlan.Infrastructure.Tests.dll" adapterTypeName="executor://xunit/VsTestRunner3/netcore/" className="AquaPlan.Infrastructure.Tests.Services.OidcUserServiceTest" name="FindByExternalIdAsync_ShouldReturnUser_WhenExists" />
    </UnitTest>
    <UnitTest name="AquaPlan.Infrastructure.Tests.Services.OidcUserServiceTest.FindOrCreateFromExternalLoginAsync_ShouldReturnExistingUser_WhenExternalIdMatches" storage="/users/francois/documents/claude/projects/aquaplan/tests/aquaplan.infrastructure.tests/bin/debug/net10.0/aquaplan.infrastructure.tests.dll" id="32d9ace5-46c6-9e52-ce09-c30162860c97">
      <Execution id="86175280-9c78-429f-a559-47ef342f7fdf" />
      <TestMethod codeBase="/Users/francois/Documents/Claude/Projects/AquaPlan/tests/AquaPlan.Infrastructure.Tests/bin/Debug/net10.0/AquaPlan.Infrastructure.Tests.dll" adapterTypeName="executor://xunit/VsTestRunner3/netcore/" className="AquaPlan.Infrastructure.Tests.Services.OidcUserServiceTest" name="FindOrCreateFromExternalLoginAsync_ShouldReturnExistingUser_WhenExternalIdMatches" />
    </UnitTest>
  </TestDefinitions>
  <TestEntries>
    <TestEntry testId="fd8d9bc2-17cb-beda-6684-15ec3458b499" executionId="e3de8889-61d8-4da0-8f4a-02c36838d163" testListId="8c84fa94-04c1-424b-9868-57a2d4851a1d" />
    <TestEntry testId="aa291824-2409-3ed0-dfac-d6ad7218c533" executionId="02912660-05f6-450c-bd29-3548d9457334" testListId="8c84fa94-04c1-424b-9868-57a2d4851a1d" />
    <TestEntry testId="4431ae55-8b45-9a9d-9c20-9e3796ce2f88" executionId="cdd2b1a1-cd05-44d3-82cd-348f5784a46b" testListId="8c84fa94-04c1-424b-9868-57a2d4851a1d" />
    <TestEntry testId="af71bdc7-8988-80c9-c3dc-617d68ac6542" executionId="f1779f66-25c2-4152-ad4a-1cc114fcfe5f" testListId="8c84fa94-04c1-424b-9868-57a2d4851a1d" />
    <TestEntry testId="32d9ace5-46c6-9e52-ce09-c30162860c97" executionId="86175280-9c78-429f-a559-47ef342f7fdf" testListId="8c84fa94-04c1-424b-9868-57a2d4851a1d" />
    <TestEntry testId="5fc1a88b-6413-fffd-264b-d686e8774640" executionId="54a4bfc5-7d4c-4a11-b659-9d0712cb8dba" testListId="8c84fa94-04c1-424b-9868-57a2d4851a1d" />
  </TestEntries>
  <TestLists>
    <TestList name="Les résultats ne figurent pas dans une liste" id="8c84fa94-04c1-424b-9868-57a2d4851a1d" />
    <TestList name="Tous les résultats chargés" id="19431567-8539-422a-85d7-44ee4e166bda" />
  </TestLists>
  <ResultSummary outcome="Completed">
    <Counters total="6" executed="6" passed="6" failed="0" error="0" timeout="0" aborted="0" inconclusive="0" passedButRunAborted="0" notRunnable="0" notExecuted="0" disconnected="0" warning="0" completed="0" inProgress="0" pending="0" />
    <Output>
      <StdOut>[xUnit.net 00:00:00.00] xUnit.net VSTest Adapter v3.1.4+50e68bbb8b (64-bit .NET 10.0.5)
[xUnit.net 00:00:00.18]   Discovering: AquaPlan.Infrastructure.Tests
[xUnit.net 00:00:00.24]   Discovered:  AquaPlan.Infrastructure.Tests
[xUnit.net 00:00:00.26]   Starting:    AquaPlan.Infrastructure.Tests
     Warning:
     The component "Fluent Assertions" is governed by the rules defined in the Xceed License Agreement and
     the Xceed Fluent Assertions Community License. You may use Fluent Assertions free of charge for
     non-commercial use only. An active subscription is required to use Fluent Assertions for commercial use.
     Please contact Xceed Sales mailto:sales@xceed.com to acquire a subscription at a very low cost.
     A paid commercial license supports the development and continued increasing support of
     Fluent Assertions users under both commercial and community licenses. Help us
     keep Fluent Assertions at the forefront of unit testing.
     For more information, visit https://xceed.com/products/unit-testing/fluent-assertions/
[xUnit.net 00:00:00.69]   Finished:    AquaPlan.Infrastructure.Tests
</StdOut>
    </Output>
  </ResultSummary>
</TestRun>