<?xml version="1.0" encoding="utf-8"?>
<TestRun id="a99af06a-9739-468a-8e94-5c41ca9d14ae" name="@macbook-pro 2026-03-30 14:46:34" xmlns="http://microsoft.com/schemas/VisualStudio/TeamTest/2010">
  <Times creation="2026-03-30T14:46:34.7512380+02:00" queuing="2026-03-30T14:46:34.7512380+02:00" start="2026-03-30T14:46:33.1505760+02:00" finish="2026-03-30T14:46:34.7999240+02:00" />
  <TestSettings name="default" id="97060191-b661-4c8e-9678-7157c5527d8e">
    <Deployment runDeploymentRoot="_macbook-pro_2026-03-30_14_46_34" />
  </TestSettings>
  <Results>
    <UnitTestResult executionId="db4408aa-0328-412f-935c-2084ffb30a42" testId="402ec599-81d0-dc1d-f48d-211f9579eee4" testName="AquaPlan.Api.Tests.Controllers.UsersControllerTest.GetCurrentUser_ShouldNotHaveAdministratorRoleAttribute" computerName="macbook-pro" duration="00:00:00.0061624" startTime="2026-03-30T14:46:34.6526360+02:00" endTime="2026-03-30T14:46:34.6530700+02:00" testType="13cdc9d9-ddb5-4fa4-a97d-d965ccfc6d4b" outcome="Passed" testListId="8c84fa94-04c1-424b-9868-57a2d4851a1d" relativeResultsDirectory="db4408aa-0328-412f-935c-2084ffb30a42" />
    <UnitTestResult executionId="b8e72034-8e3f-4621-9214-00faa4ed7ad7" testId="899c8a85-28a8-2b31-16b9-74136ea42ca4" testName="AquaPlan.Api.Tests.Controllers.AuthControllerTest.Login_ShouldReturnOk_WhenCredentialsAreValid" computerName="macbook-pro" duration="00:00:00.0036831" startTime="2026-03-30T14:46:34.6828820+02:00" endTime="2026-03-30T14:46:34.6863890+02:00" testType="13cdc9d9-ddb5-4fa4-a97d-d965ccfc6d4b" outcome="Passed" testListId="8c84fa94-04c1-424b-9868-57a2d4851a1d" relativeResultsDirectory="b8e72034-8e3f-4621-9214-00faa4ed7ad7" />
    <UnitTestResult executionId="156e40b2-e556-48d0-9cc6-bc5bde6afed1" testId="4ff0db98-7357-d1ff-90fd-38a92b479e08" testName="AquaPlan.Api.Tests.Controllers.AuthControllerTest.OidcConfig_ShouldReturnEnabledTrue_WhenOidcEnabled" computerName="macbook-pro" duration="00:00:00.0922366" startTime="2026-03-30T14:46:34.6383270+02:00" endTime="2026-03-30T14:46:34.6739000+02:00" testType="13cdc9d9-ddb5-4fa4-a97d-d965ccfc6d4b" outcome="Passed" testListId="8c84fa94-04c1-424b-9868-57a2d4851a1d" relativeResultsDirectory="156e40b2-e556-48d0-9cc6-bc5bde6afed1" />
    <UnitTestResult executionId="841df22f-8b2b-4d9f-8689-aa9912731328" testId="0ffaf115-941d-02b1-337f-5899a542b7ac" testName="AquaPlan.Api.Tests.Controllers.RolesControllerTest.GetRoles_ShouldReturnOk" computerName="macbook-pro" duration="00:00:00.0041093" startTime="2026-03-30T14:46:34.6469630+02:00" endTime="2026-03-30T14:46:34.6470940+02:00" testType="13cdc9d9-ddb5-4fa4-a97d-d965ccfc6d4b" outcome="Passed" testListId="8c84fa94-04c1-424b-9868-57a2d4851a1d" relativeResultsDirectory="841df22f-8b2b-4d9f-8689-aa9912731328" />
    <UnitTestResult executionId="7068dbde-2a74-43db-945b-71e74fdcd9db" testId="a108237d-8e82-1cc2-6124-fa04632dba5a" testName="AquaPlan.Api.Tests.Controllers.AuthControllerTest.OidcLogin_ShouldReturnChallenge_WhenOidcEnabled" computerName="macbook-pro" duration="00:00:00.0041877" startTime="2026-03-30T14:46:34.6929090+02:00" endTime="2026-03-30T14:46:34.6958740+02:00" testType="13cdc9d9-ddb5-4fa4-a97d-d965ccfc6d4b" outcome="Passed" testListId="8c84fa94-04c1-424b-9868-57a2d4851a1d" relativeResultsDirectory="7068dbde-2a74-43db-945b-71e74fdcd9db" />
    <UnitTestResult executionId="6a613fdf-555e-475f-8b8d-af1557a5a1cb" testId="40c62391-de9a-ab65-959b-8915e28186f3" testName="AquaPlan.Api.Tests.Controllers.UsersControllerTest.GetUsers_ShouldHaveAdministratorRoleAttribute" computerName="macbook-pro" duration="00:00:00.0007891" startTime="2026-03-30T14:46:34.6522190+02:00" endTime="2026-03-30T14:46:34.6523270+02:00" testType="13cdc9d9-ddb5-4fa4-a97d-d965ccfc6d4b" outcome="Passed" testListId="8c84fa94-04c1-424b-9868-57a2d4851a1d" relativeResultsDirectory="6a613fdf-555e-475f-8b8d-af1557a5a1cb" />
    <UnitTestResult executionId="6e031547-d041-4186-a9a6-b0e233a63146" testId="5baf7842-f8b1-cae2-963e-a09c4882d9b0" testName="AquaPlan.Api.Tests.Controllers.UsersControllerTest.DeactivateUser_ShouldReturnNotFound_WhenUserDoesNotExist" computerName="macbook-pro" duration="00:00:00.0057029" startTime="2026-03-30T14:46:34.6389510+02:00" endTime="2026-03-30T14:46:34.6478140+02:00" testType="13cdc9d9-ddb5-4fa4-a97d-d965ccfc6d4b" outcome="Passed" testListId="8c84fa94-04c1-424b-9868-57a2d4851a1d" relativeResultsDirectory="6e031547-d041-4186-a9a6-b0e233a63146" />
    <UnitTestResult executionId="54e88940-e6f1-4561-9c14-60043546c979" testId="9f47c74e-06ae-4b50-4d13-3b30d268246b" testName="AquaPlan.Api.Tests.Controllers.AuthControllerTest.Logout_ShouldHaveAuthorizeAttribute" computerName="macbook-pro" duration="00:00:00.0026830" startTime="2026-03-30T14:46:34.6377580+02:00" endTime="2026-03-30T14:46:34.6378830+02:00" testType="13cdc9d9-ddb5-4fa4-a97d-d965ccfc6d4b" outcome="Passed" testListId="8c84fa94-04c1-424b-9868-57a2d4851a1d" relativeResultsDirectory="54e88940-e6f1-4561-9c14-60043546c979" />
    <UnitTestResult executionId="eade32d3-e00a-461b-8650-def458da8891" testId="85dcadd3-6deb-2cc4-9366-9705c684fb98" testName="AquaPlan.Api.Tests.Controllers.HealthControllerTest.Get_ShouldHaveAllowAnonymousAttribute" computerName="macbook-pro" duration="00:00:00.0073968" startTime="2026-03-30T14:46:34.5186500+02:00" endTime="2026-03-30T14:46:34.5216930+02:00" testType="13cdc9d9-ddb5-4fa4-a97d-d965ccfc6d4b" outcome="Passed" testListId="8c84fa94-04c1-424b-9868-57a2d4851a1d" relativeResultsDirectory="eade32d3-e00a-461b-8650-def458da8891" />
    <UnitTestResult executionId="2cf277e9-d329-4387-9be2-6e23f2da7adf" testId="82565b24-4b6f-2d41-abb1-929cba6451c4" testName="AquaPlan.Api.Tests.Controllers.SamplingLocationsControllerTest.GetByDistributor_ShouldReturnOk" computerName="macbook-pro" duration="00:00:00.0042078" startTime="2026-03-30T14:46:34.6615740+02:00" endTime="2026-03-30T14:46:34.6650230+02:00" testType="13cdc9d9-ddb5-4fa4-a97d-d965ccfc6d4b" outcome="Passed" testListId="8c84fa94-04c1-424b-9868-57a2d4851a1d" relativeResultsDirectory="2cf277e9-d329-4387-9be2-6e23f2da7adf" />
    <UnitTestResult executionId="19d71f8b-7d99-446e-93e1-ee06525232d0" testId="afa1abb3-50dd-8b9a-4863-a9afd3a4a7a8" testName="AquaPlan.Api.Tests.Controllers.SamplingLocationsControllerTest.Controller_ShouldHaveAuthorizeAttribute" computerName="macbook-pro" duration="00:00:00.0629456" startTime="2026-03-30T14:46:34.5216260+02:00" endTime="2026-03-30T14:46:34.5714090+02:00" testType="13cdc9d9-ddb5-4fa4-a97d-d965ccfc6d4b" outcome="Passed" testListId="8c84fa94-04c1-424b-9868-57a2d4851a1d" relativeResultsDirectory="19d71f8b-7d99-446e-93e1-ee06525232d0" />
    <UnitTestResult executionId="f3df0544-e34e-43a2-9d96-544aa0d242be" testId="ed7d1b97-e512-0ae2-54b6-b4786822c6cd" testName="AquaPlan.Api.Tests.Controllers.OrdersControllerTest.GetOrder_ShouldReturnOk_WhenUserHasAccess" computerName="macbook-pro" duration="00:00:00.0046506" startTime="2026-03-30T14:46:34.6637480+02:00" endTime="2026-03-30T14:46:34.6682180+02:00" testType="13cdc9d9-ddb5-4fa4-a97d-d965ccfc6d4b" outcome="Passed" testListId="8c84fa94-04c1-424b-9868-57a2d4851a1d" relativeResultsDirectory="f3df0544-e34e-43a2-9d96-544aa0d242be" />
    <UnitTestResult executionId="621e9272-fd47-407c-bb66-a58cf50eb091" testId="8e66a4e4-d451-e64e-4a9d-553543017a20" testName="AquaPlan.Api.Tests.Controllers.AuthControllerTest.Login_ShouldHaveAllowAnonymousAttribute" computerName="macbook-pro" duration="00:00:00.0005645" startTime="2026-03-30T14:46:34.6910540+02:00" endTime="2026-03-30T14:46:34.6914330+02:00" testType="13cdc9d9-ddb5-4fa4-a97d-d965ccfc6d4b" outcome="Passed" testListId="8c84fa94-04c1-424b-9868-57a2d4851a1d" relativeResultsDirectory="621e9272-fd47-407c-bb66-a58cf50eb091" />
    <UnitTestResult executionId="d8235f11-6c81-4db8-8097-9c57d6710fa3" testId="88656d1c-2458-cd47-1b7e-584c97543a73" testName="AquaPlan.Api.Tests.Controllers.UsersControllerTest.DeactivateUser_ShouldReturnNoContent_WhenSuccess" computerName="macbook-pro" duration="00:00:00.0022228" startTime="2026-03-30T14:46:34.6565750+02:00" endTime="2026-03-30T14:46:34.6566520+02:00" testType="13cdc9d9-ddb5-4fa4-a97d-d965ccfc6d4b" outcome="Passed" testListId="8c84fa94-04c1-424b-9868-57a2d4851a1d" relativeResultsDirectory="d8235f11-6c81-4db8-8097-9c57d6710fa3" />
    <UnitTestResult executionId="eac4d21f-7548-4f0c-810c-103b9b0bf5de" testId="4e5adb85-466e-0f6a-5d31-3aaadf8703be" testName="AquaPlan.Api.Tests.Controllers.SamplingLocationsControllerTest.Update_ShouldReturnOk_WhenSuccess" computerName="macbook-pro" duration="00:00:00.0127809" startTime="2026-03-30T14:46:34.6575700+02:00" endTime="2026-03-30T14:46:34.6597900+02:00" testType="13cdc9d9-ddb5-4fa4-a97d-d965ccfc6d4b" outcome="Passed" testListId="8c84fa94-04c1-424b-9868-57a2d4851a1d" relativeResultsDirectory="eac4d21f-7548-4f0c-810c-103b9b0bf5de" />
    <UnitTestResult executionId="132e41cd-5268-4065-8a2a-4b05878c52ee" testId="6e30b599-e70d-a1e7-fc7c-49de547e8606" testName="AquaPlan.Api.Tests.Controllers.OrdersControllerTest.AssignPreleveur_ShouldReturnNotFound_WhenOrderDoesNotExist" computerName="macbook-pro" duration="00:00:00.0055215" startTime="2026-03-30T14:46:34.6716800+02:00" endTime="2026-03-30T14:46:34.6767510+02:00" testType="13cdc9d9-ddb5-4fa4-a97d-d965ccfc6d4b" outcome="Passed" testListId="8c84fa94-04c1-424b-9868-57a2d4851a1d" relativeResultsDirectory="132e41cd-5268-4065-8a2a-4b05878c52ee" />
    <UnitTestResult executionId="9628a7a4-67f8-4da5-945c-190d1d75f085" testId="2859b155-ddb7-244d-315a-eac7352e5068" testName="AquaPlan.Api.Tests.Controllers.UsersControllerTest.GetUser_ShouldReturnNotFound_WhenUserDoesNotExist" computerName="macbook-pro" duration="00:00:00.0044967" startTime="2026-03-30T14:46:34.6533060+02:00" endTime="2026-03-30T14:46:34.6563530+02:00" testType="13cdc9d9-ddb5-4fa4-a97d-d965ccfc6d4b" outcome="Passed" testListId="8c84fa94-04c1-424b-9868-57a2d4851a1d" relativeResultsDirectory="9628a7a4-67f8-4da5-945c-190d1d75f085" />
    <UnitTestResult executionId="d39dc9f8-b4d2-4dde-91e3-f9c877d5ada3" testId="2c41f9cb-cf6a-5a3a-a941-4fde0004f552" testName="AquaPlan.Api.Tests.Controllers.SamplingLocationsControllerTest.GetForCurrentUser_ShouldReturnAllLocations_WhenAdmin" computerName="macbook-pro" duration="00:00:00.0529112" startTime="2026-03-30T14:46:34.6359300+02:00" endTime="2026-03-30T14:46:34.6543970+02:00" testType="13cdc9d9-ddb5-4fa4-a97d-d965ccfc6d4b" outcome="Passed" testListId="8c84fa94-04c1-424b-9868-57a2d4851a1d" relativeResultsDirectory="d39dc9f8-b4d2-4dde-91e3-f9c877d5ada3" />
    <UnitTestResult executionId="4ff6a75b-8811-4ddc-864e-c29ec6cc6242" testId="f11b30b9-7db6-93c0-1529-5aabf19acdc3" testName="AquaPlan.Api.Tests.Controllers.UsersControllerTest.CreateUser_ShouldReturnCreatedAtAction" computerName="macbook-pro" duration="00:00:00.0186839" startTime="2026-03-30T14:46:34.6568850+02:00" endTime="2026-03-30T14:46:34.6580880+02:00" testType="13cdc9d9-ddb5-4fa4-a97d-d965ccfc6d4b" outcome="Passed" testListId="8c84fa94-04c1-424b-9868-57a2d4851a1d" relativeResultsDirectory="4ff6a75b-8811-4ddc-864e-c29ec6cc6242" />
    <UnitTestResult executionId="b3797944-be41-4fd7-ac11-fd156cf66714" testId="a8b03dc2-a8f1-ddd9-e194-9562bbca8ebb" testName="AquaPlan.Api.Tests.Controllers.OrdersControllerTest.GetOrders_ShouldReturnUserOrders_WhenUserDoesNotHaveViewAllPermission" computerName="macbook-pro" duration="00:00:00.1861067" startTime="2026-03-30T14:46:34.4264950+02:00" endTime="2026-03-30T14:46:34.6544780+02:00" testType="13cdc9d9-ddb5-4fa4-a97d-d965ccfc6d4b" outcome="Passed" testListId="8c84fa94-04c1-424b-9868-57a2d4851a1d" relativeResultsDirectory="b3797944-be41-4fd7-ac11-fd156cf66714" />
    <UnitTestResult executionId="e8335cbf-7ddb-40ae-b5b4-82618554cd26" testId="8f1a3deb-5512-0fde-c45c-7921099f80ae" testName="AquaPlan.Api.Tests.Controllers.AuthControllerTest.OidcConfig_ShouldReturnEnabledFalse_WhenOidcDisabled" computerName="macbook-pro" duration="00:00:00.0038269" startTime="2026-03-30T14:46:34.6870590+02:00" endTime="2026-03-30T14:46:34.6907740+02:00" testType="13cdc9d9-ddb5-4fa4-a97d-d965ccfc6d4b" outcome="Passed" testListId="8c84fa94-04c1-424b-9868-57a2d4851a1d" relativeResultsDirectory="e8335cbf-7ddb-40ae-b5b4-82618554cd26" />
    <UnitTestResult executionId="e56a9ed8-5f49-4194-b9fc-da91e3beccad" testId="84c77e3b-451f-d411-38e9-9afd0deb2369" testName="AquaPlan.Api.Tests.Controllers.OrdersControllerTest.CreateOrder_ShouldReturnForbid_WhenUserHasNoDistributorAccess" computerName="macbook-pro" duration="00:00:00.0064095" startTime="2026-03-30T14:46:34.6572180+02:00" endTime="2026-03-30T14:46:34.6576830+02:00" testType="13cdc9d9-ddb5-4fa4-a97d-d965ccfc6d4b" outcome="Passed" testListId="8c84fa94-04c1-424b-9868-57a2d4851a1d" relativeResultsDirectory="e56a9ed8-5f49-4194-b9fc-da91e3beccad" />
    <UnitTestResult executionId="dbb46db2-640c-4d5e-b919-52a6780d0970" testId="97597c64-77b3-353d-ea0b-fcffea14f260" testName="AquaPlan.Api.Tests.Controllers.AuthControllerTest.OidcLogin_ShouldReturnBadRequest_WhenOidcDisabled" computerName="macbook-pro" duration="00:00:00.0033754" startTime="2026-03-30T14:46:34.6743160+02:00" endTime="2026-03-30T14:46:34.6780040+02:00" testType="13cdc9d9-ddb5-4fa4-a97d-d965ccfc6d4b" outcome="Passed" testListId="8c84fa94-04c1-424b-9868-57a2d4851a1d" relativeResultsDirectory="dbb46db2-640c-4d5e-b919-52a6780d0970" />
    <UnitTestResult executionId="03290c40-a28d-4207-985a-cdcf490ef86a" testId="5a97da37-1f29-4802-2c16-bcf9b699b020" testName="AquaPlan.Api.Tests.Controllers.SamplingLocationsControllerTest.Create_ShouldHaveAdministratorRoleAttribute" computerName="macbook-pro" duration="00:00:00.0012350" startTime="2026-03-30T14:46:34.6721280+02:00" endTime="2026-03-30T14:46:34.6724450+02:00" testType="13cdc9d9-ddb5-4fa4-a97d-d965ccfc6d4b" outcome="Passed" testListId="8c84fa94-04c1-424b-9868-57a2d4851a1d" relativeResultsDirectory="03290c40-a28d-4207-985a-cdcf490ef86a" />
    <UnitTestResult executionId="207e430d-00e1-4f9b-917c-e0c433274484" testId="d8fabf73-ae73-cea1-cafd-01e4b9a5365e" testName="AquaPlan.Api.Tests.Controllers.AuthControllerTest.Login_ShouldReturnUnauthorized_WhenCredentialsAreInvalid" computerName="macbook-pro" duration="00:00:00.0044922" startTime="2026-03-30T14:46:34.6788140+02:00" endTime="2026-03-30T14:46:34.6823980+02:00" testType="13cdc9d9-ddb5-4fa4-a97d-d965ccfc6d4b" outcome="Passed" testListId="8c84fa94-04c1-424b-9868-57a2d4851a1d" relativeResultsDirectory="207e430d-00e1-4f9b-917c-e0c433274484" />
    <UnitTestResult executionId="19ea508a-4dc7-4337-9c1f-1926d9ed4844" testId="0cc85147-6c23-a9e6-744d-a4f696446913" testName="AquaPlan.Api.Tests.Controllers.AuthControllerTest.OidcLogin_ShouldHaveAllowAnonymousAttribute" computerName="macbook-pro" duration="00:00:00.0007544" startTime="2026-03-30T14:46:34.6963780+02:00" endTime="2026-03-30T14:46:34.6966700+02:00" testType="13cdc9d9-ddb5-4fa4-a97d-d965ccfc6d4b" outcome="Passed" testListId="8c84fa94-04c1-424b-9868-57a2d4851a1d" relativeResultsDirectory="19ea508a-4dc7-4337-9c1f-1926d9ed4844" />
    <UnitTestResult executionId="414498b3-132a-444f-aff4-f42c9d64ab0d" testId="ac399d85-0ebc-5498-faed-4286f198b8f9" testName="AquaPlan.Api.Tests.Controllers.SamplingLocationsControllerTest.GetForCurrentUser_ShouldReturnUserLocations_WhenNotAdmin" computerName="macbook-pro" duration="00:00:00.0056023" startTime="2026-03-30T14:46:34.6600480+02:00" endTime="2026-03-30T14:46:34.6605760+02:00" testType="13cdc9d9-ddb5-4fa4-a97d-d965ccfc6d4b" outcome="Passed" testListId="8c84fa94-04c1-424b-9868-57a2d4851a1d" relativeResultsDirectory="414498b3-132a-444f-aff4-f42c9d64ab0d" />
    <UnitTestResult executionId="c9af184d-6fee-41c5-a76c-3e18b8d88fab" testId="89764c65-a8af-cdca-cee5-184d7e43dd1c" testName="AquaPlan.Api.Tests.Controllers.UsersControllerTest.GetUser_ShouldReturnOk_WhenUserExists" computerName="macbook-pro" duration="00:00:00.0024173" startTime="2026-03-30T14:46:34.6594340+02:00" endTime="2026-03-30T14:46:34.6595330+02:00" testType="13cdc9d9-ddb5-4fa4-a97d-d965ccfc6d4b" outcome="Passed" testListId="8c84fa94-04c1-424b-9868-57a2d4851a1d" relativeResultsDirectory="c9af184d-6fee-41c5-a76c-3e18b8d88fab" />
    <UnitTestResult executionId="d2b9ebf8-713b-44c9-9126-12a3790c9e6e" testId="48835f55-09f7-4c08-b6d6-f09c81057483" testName="AquaPlan.Api.Tests.Controllers.AuthControllerTest.OidcCallback_ShouldHaveAllowAnonymousAttribute" computerName="macbook-pro" duration="00:00:00.0004091" startTime="2026-03-30T14:46:34.6784340+02:00" endTime="2026-03-30T14:46:34.6785240+02:00" testType="13cdc9d9-ddb5-4fa4-a97d-d965ccfc6d4b" outcome="Passed" testListId="8c84fa94-04c1-424b-9868-57a2d4851a1d" relativeResultsDirectory="d2b9ebf8-713b-44c9-9126-12a3790c9e6e" />
    <UnitTestResult executionId="0bca8d65-c19b-4d67-ad75-2a39cc633557" testId="8424e5a7-bd9e-8996-c111-e38214ee4d7c" testName="AquaPlan.Api.Tests.Controllers.UsersControllerTest.GetUsers_ShouldReturnOk_WhenUsersExist" computerName="macbook-pro" duration="00:00:00.1700915" startTime="2026-03-30T14:46:34.4265530+02:00" endTime="2026-03-30T14:46:34.6384930+02:00" testType="13cdc9d9-ddb5-4fa4-a97d-d965ccfc6d4b" outcome="Passed" testListId="8c84fa94-04c1-424b-9868-57a2d4851a1d" relativeResultsDirectory="0bca8d65-c19b-4d67-ad75-2a39cc633557" />
    <UnitTestResult executionId="700edc96-caaa-4635-9dd3-b9c7d1e0558b" testId="87166ac7-f1ad-91c0-3958-96e1d0140304" testName="AquaPlan.Api.Tests.Controllers.OrdersControllerTest.GetOrders_ShouldReturnAllOrders_WhenUserHasViewAllPermission" computerName="macbook-pro" duration="00:00:00.0132826" startTime="2026-03-30T14:46:34.6579890+02:00" endTime="2026-03-30T14:46:34.6601500+02:00" testType="13cdc9d9-ddb5-4fa4-a97d-d965ccfc6d4b" outcome="Passed" testListId="8c84fa94-04c1-424b-9868-57a2d4851a1d" relativeResultsDirectory="700edc96-caaa-4635-9dd3-b9c7d1e0558b" />
    <UnitTestResult executionId="7b5f816b-6dc1-4206-96de-e3165bc027b8" testId="441eece5-9062-2927-d8a3-c353acf361f2" testName="AquaPlan.Api.Tests.Controllers.HealthControllerTest.Get_ShouldReturnOkWithStatus" computerName="macbook-pro" duration="00:00:00.0586894" startTime="2026-03-30T14:46:34.4265970+02:00" endTime="2026-03-30T14:46:34.5072290+02:00" testType="13cdc9d9-ddb5-4fa4-a97d-d965ccfc6d4b" outcome="Passed" testListId="8c84fa94-04c1-424b-9868-57a2d4851a1d" relativeResultsDirectory="7b5f816b-6dc1-4206-96de-e3165bc027b8" />
    <UnitTestResult executionId="56c6d6a9-77d5-4722-8d00-eccebd750bb5" testId="89c30f69-eaab-105e-621e-d22c5b5bd2ab" testName="AquaPlan.Api.Tests.Middleware.CorrelationIdMiddlewareTest.InvokeAsync_ShouldPreserveCorrelationId_WhenAlreadyPresent" computerName="macbook-pro" duration="00:00:00.0529232" startTime="2026-03-30T14:46:34.4266380+02:00" endTime="2026-03-30T14:46:34.5015280+02:00" testType="13cdc9d9-ddb5-4fa4-a97d-d965ccfc6d4b" outcome="Passed" testListId="8c84fa94-04c1-424b-9868-57a2d4851a1d" relativeResultsDirectory="56c6d6a9-77d5-4722-8d00-eccebd750bb5" />
    <UnitTestResult executionId="5c07f51d-bb31-4bbb-a45f-ada55254973d" testId="b8f6367b-e37a-a5bb-7cbc-8ae6aa3e96f4" testName="AquaPlan.Api.Tests.Controllers.OrdersControllerTest.GetOrder_ShouldReturnForbid_WhenUserHasNoAccess" computerName="macbook-pro" duration="00:00:00.0048899" startTime="2026-03-30T14:46:34.6604340+02:00" endTime="2026-03-30T14:46:34.6609500+02:00" testType="13cdc9d9-ddb5-4fa4-a97d-d965ccfc6d4b" outcome="Passed" testListId="8c84fa94-04c1-424b-9868-57a2d4851a1d" relativeResultsDirectory="5c07f51d-bb31-4bbb-a45f-ada55254973d" />
    <UnitTestResult executionId="56503043-881d-4391-9282-25bd5493d416" testId="756f8b69-1f1c-a64d-4cac-48b4ca4d666f" testName="AquaPlan.Api.Tests.Controllers.SamplingLocationsControllerTest.Create_ShouldReturnCreatedAtAction" computerName="macbook-pro" duration="00:00:00.0131788" startTime="2026-03-30T14:46:34.6559330+02:00" endTime="2026-03-30T14:46:34.6572980+02:00" testType="13cdc9d9-ddb5-4fa4-a97d-d965ccfc6d4b" outcome="Passed" testListId="8c84fa94-04c1-424b-9868-57a2d4851a1d" relativeResultsDirectory="56503043-881d-4391-9282-25bd5493d416" />
    <UnitTestResult executionId="1b1061ad-7706-4d5d-af51-7cf2a8c45d8a" testId="03bd5aeb-2c2e-d093-b3ce-c0e1586fe47f" testName="AquaPlan.Api.Tests.Controllers.OrdersControllerTest.AssignPreleveur_ShouldReturnOk_WhenSuccess" computerName="macbook-pro" duration="00:00:00.0058780" startTime="2026-03-30T14:46:34.6612070+02:00" endTime="2026-03-30T14:46:34.6634130+02:00" testType="13cdc9d9-ddb5-4fa4-a97d-d965ccfc6d4b" outcome="Passed" testListId="8c84fa94-04c1-424b-9868-57a2d4851a1d" relativeResultsDirectory="1b1061ad-7706-4d5d-af51-7cf2a8c45d8a" />
    <UnitTestResult executionId="38608c87-15de-413b-9398-addbe2113284" testId="3110f525-9311-3f6f-bcc0-925f0097baf8" testName="AquaPlan.Api.Tests.Middleware.CorrelationIdMiddlewareTest.InvokeAsync_ShouldAddCorrelationIdHeader_WhenNotPresent" computerName="macbook-pro" duration="00:00:00.0019860" startTime="2026-03-30T14:46:34.5186950+02:00" endTime="2026-03-30T14:46:34.5187940+02:00" testType="13cdc9d9-ddb5-4fa4-a97d-d965ccfc6d4b" outcome="Passed" testListId="8c84fa94-04c1-424b-9868-57a2d4851a1d" relativeResultsDirectory="38608c87-15de-413b-9398-addbe2113284" />
    <UnitTestResult executionId="810a7318-55a4-43e8-920f-b9e9ae0450d9" testId="0a056543-b947-36f1-a8ef-8308954db12e" testName="AquaPlan.Api.Tests.Controllers.SamplingLocationsControllerTest.GetById_ShouldReturnNotFound_WhenLocationDoesNotExist" computerName="macbook-pro" duration="00:00:00.0040516" startTime="2026-03-30T14:46:34.6608490+02:00" endTime="2026-03-30T14:46:34.6613060+02:00" testType="13cdc9d9-ddb5-4fa4-a97d-d965ccfc6d4b" outcome="Passed" testListId="8c84fa94-04c1-424b-9868-57a2d4851a1d" relativeResultsDirectory="810a7318-55a4-43e8-920f-b9e9ae0450d9" />
    <UnitTestResult executionId="3a49d2c5-2bf3-4848-9320-5e4115a7bceb" testId="5f5838d1-48e3-76e4-afb1-78622646717d" testName="AquaPlan.Api.Tests.Controllers.RolesControllerTest.AssignRole_ShouldReturnNotFound_WhenUserDoesNotExist" computerName="macbook-pro" duration="00:00:00.0024277" startTime="2026-03-30T14:46:34.6477340+02:00" endTime="2026-03-30T14:46:34.6527240+02:00" testType="13cdc9d9-ddb5-4fa4-a97d-d965ccfc6d4b" outcome="Passed" testListId="8c84fa94-04c1-424b-9868-57a2d4851a1d" relativeResultsDirectory="3a49d2c5-2bf3-4848-9320-5e4115a7bceb" />
    <UnitTestResult executionId="8f602563-bb49-4147-bf6e-416e3bee8be9" testId="c060441e-634a-c8fb-bd0f-dff087c7f8ba" testName="AquaPlan.Api.Tests.Controllers.RolesControllerTest.GetPermissions_ShouldReturnOk" computerName="macbook-pro" duration="00:00:00.0050662" startTime="2026-03-30T14:46:34.6529910+02:00" endTime="2026-03-30T14:46:34.6534530+02:00" testType="13cdc9d9-ddb5-4fa4-a97d-d965ccfc6d4b" outcome="Passed" testListId="8c84fa94-04c1-424b-9868-57a2d4851a1d" relativeResultsDirectory="8f602563-bb49-4147-bf6e-416e3bee8be9" />
    <UnitTestResult executionId="dc7c08f6-1e13-4577-8e80-3cc35a49523f" testId="35d7a0cb-4934-4264-4da1-f1f07f9ed17c" testName="AquaPlan.Api.Tests.Controllers.OrdersControllerTest.CreateOrder_ShouldReturnCreatedAtAction_WhenUserHasDistributorAccess" computerName="macbook-pro" duration="00:00:00.0056635" startTime="2026-03-30T14:46:34.6778960+02:00" endTime="2026-03-30T14:46:34.6829580+02:00" testType="13cdc9d9-ddb5-4fa4-a97d-d965ccfc6d4b" outcome="Passed" testListId="8c84fa94-04c1-424b-9868-57a2d4851a1d" relativeResultsDirectory="dc7c08f6-1e13-4577-8e80-3cc35a49523f" />
    <UnitTestResult executionId="461e7af3-b8ee-4a82-9435-6d127a24700c" testId="c74f564a-1ccc-8606-2b47-e3224dac72b4" testName="AquaPlan.Api.Tests.Controllers.OrdersControllerTest.Controller_ShouldHaveAuthorizeAttribute" computerName="macbook-pro" duration="00:00:00.0003596" startTime="2026-03-30T14:46:34.6713180+02:00" endTime="2026-03-30T14:46:34.6714070+02:00" testType="13cdc9d9-ddb5-4fa4-a97d-d965ccfc6d4b" outcome="Passed" testListId="8c84fa94-04c1-424b-9868-57a2d4851a1d" relativeResultsDirectory="461e7af3-b8ee-4a82-9435-6d127a24700c" />
    <UnitTestResult executionId="aa22b042-f656-45af-bfb5-f7cb8c725b2f" testId="909e726f-34f2-c5c0-c043-f5006e36801f" testName="AquaPlan.Api.Tests.Controllers.RolesControllerTest.GetRole_ShouldReturnOk_WhenRoleExists" computerName="macbook-pro" duration="00:00:00.1707079" startTime="2026-03-30T14:46:34.4226330+02:00" endTime="2026-03-30T14:46:34.6390560+02:00" testType="13cdc9d9-ddb5-4fa4-a97d-d965ccfc6d4b" outcome="Passed" testListId="8c84fa94-04c1-424b-9868-57a2d4851a1d" relativeResultsDirectory="aa22b042-f656-45af-bfb5-f7cb8c725b2f" />
    <UnitTestResult executionId="6cb2bcaf-cf8d-450d-89d8-a9fdad53aca8" testId="7878f1e9-e4c0-84f4-948d-fabbc9da1e48" testName="AquaPlan.Api.Tests.Controllers.AuthControllerTest.OidcConfig_ShouldHaveAllowAnonymousAttribute" computerName="macbook-pro" duration="00:00:00.0005584" startTime="2026-03-30T14:46:34.6867200+02:00" endTime="2026-03-30T14:46:34.6868060+02:00" testType="13cdc9d9-ddb5-4fa4-a97d-d965ccfc6d4b" outcome="Passed" testListId="8c84fa94-04c1-424b-9868-57a2d4851a1d" relativeResultsDirectory="6cb2bcaf-cf8d-450d-89d8-a9fdad53aca8" />
    <UnitTestResult executionId="02503d75-f070-480a-bdbf-f421290c599e" testId="1cf11423-e704-b277-b7db-d8c95ec80dba" testName="AquaPlan.Api.Tests.Controllers.RolesControllerTest.AssignRole_ShouldReturnNoContent_WhenSuccess" computerName="macbook-pro" duration="00:00:00.0019004" startTime="2026-03-30T14:46:34.6543130+02:00" endTime="2026-03-30T14:46:34.6561040+02:00" testType="13cdc9d9-ddb5-4fa4-a97d-d965ccfc6d4b" outcome="Passed" testListId="8c84fa94-04c1-424b-9868-57a2d4851a1d" relativeResultsDirectory="02503d75-f070-480a-bdbf-f421290c599e" />
    <UnitTestResult executionId="92070459-b792-4783-af51-9e9ade13ffb5" testId="13505b6b-64bf-04af-5420-dd0c821825ca" testName="AquaPlan.Api.Tests.Controllers.AuthControllerTest.Me_ShouldHaveAuthorizeAttribute" computerName="macbook-pro" duration="00:00:00.1402823" startTime="2026-03-30T14:46:34.4263970+02:00" endTime="2026-03-30T14:46:34.6368590+02:00" testType="13cdc9d9-ddb5-4fa4-a97d-d965ccfc6d4b" outcome="Passed" testListId="8c84fa94-04c1-424b-9868-57a2d4851a1d" relativeResultsDirectory="92070459-b792-4783-af51-9e9ade13ffb5" />
    <UnitTestResult executionId="fc7b649c-e8be-4c15-9397-a8dcfa550587" testId="0d35d840-0c58-b895-fc86-ebd517551ed3" testName="AquaPlan.Api.Tests.Controllers.RolesControllerTest.GetRole_ShouldReturnNotFound_WhenRoleDoesNotExist" computerName="macbook-pro" duration="00:00:00.0020445" startTime="2026-03-30T14:46:34.6539410+02:00" endTime="2026-03-30T14:46:34.6540210+02:00" testType="13cdc9d9-ddb5-4fa4-a97d-d965ccfc6d4b" outcome="Passed" testListId="8c84fa94-04c1-424b-9868-57a2d4851a1d" relativeResultsDirectory="fc7b649c-e8be-4c15-9397-a8dcfa550587" />
    <UnitTestResult executionId="c1675b60-b2ba-4d21-be2f-9794141862b4" testId="7615d359-16bd-657f-5de9-3f9ade8ce9ad" testName="AquaPlan.Api.Tests.Controllers.OrdersControllerTest.GetOrder_ShouldReturnNotFound_WhenOrderDoesNotExist" computerName="macbook-pro" duration="00:00:00.0023119" startTime="2026-03-30T14:46:34.6685310+02:00" endTime="2026-03-30T14:46:34.6706450+02:00" testType="13cdc9d9-ddb5-4fa4-a97d-d965ccfc6d4b" outcome="Passed" testListId="8c84fa94-04c1-424b-9868-57a2d4851a1d" relativeResultsDirectory="c1675b60-b2ba-4d21-be2f-9794141862b4" />
    <UnitTestResult executionId="a6d892d9-f712-4a9e-ac09-7ab88b0aca62" testId="5f1f52dd-a7ef-a796-8004-c8623884912f" testName="AquaPlan.Api.Tests.Controllers.OrdersControllerTest.CreateOrder_ShouldReturnCreatedAtAction_WhenAdmin" computerName="macbook-pro" duration="00:00:00.0035799" startTime="2026-03-30T14:46:34.6832900+02:00" endTime="2026-03-30T14:46:34.6861930+02:00" testType="13cdc9d9-ddb5-4fa4-a97d-d965ccfc6d4b" outcome="Passed" testListId="8c84fa94-04c1-424b-9868-57a2d4851a1d" relativeResultsDirectory="a6d892d9-f712-4a9e-ac09-7ab88b0aca62" />
    <UnitTestResult executionId="c9abb312-ea89-4f33-a3d2-740b6f986269" testId="470e85dc-3def-8ceb-3265-39d2b56290a7" testName="AquaPlan.Api.Tests.Controllers.SamplingLocationsControllerTest.GetById_ShouldReturnOk_WhenLocationExists" computerName="macbook-pro" duration="00:00:00.0024974" startTime="2026-03-30T14:46:34.6689250+02:00" endTime="2026-03-30T14:46:34.6717170+02:00" testType="13cdc9d9-ddb5-4fa4-a97d-d965ccfc6d4b" outcome="Passed" testListId="8c84fa94-04c1-424b-9868-57a2d4851a1d" relativeResultsDirectory="c9abb312-ea89-4f33-a3d2-740b6f986269" />
    <UnitTestResult executionId="5a3588db-8a0a-45db-97a5-1b620957bd42" testId="4e263d40-3307-f6bf-0217-fbfb0219351a" testName="AquaPlan.Api.Tests.Controllers.SamplingLocationsControllerTest.Update_ShouldReturnNotFound_WhenLocationDoesNotExist" computerName="macbook-pro" duration="00:00:00.0034598" startTime="2026-03-30T14:46:34.6665980+02:00" endTime="2026-03-30T14:46:34.6686300+02:00" testType="13cdc9d9-ddb5-4fa4-a97d-d965ccfc6d4b" outcome="Passed" testListId="8c84fa94-04c1-424b-9868-57a2d4851a1d" relativeResultsDirectory="5a3588db-8a0a-45db-97a5-1b620957bd42" />
    <UnitTestResult executionId="0049b17a-e2a1-4983-83fc-e7a3d08c196d" testId="701d94c5-5d6c-2dc0-0cef-f0a84e80801f" testName="AquaPlan.Api.Tests.Controllers.OrdersControllerTest.GetOrder_ShouldReturnOk_WhenAdminUser" computerName="macbook-pro" duration="00:00:00.0076743" startTime="2026-03-30T14:46:34.6560010+02:00" endTime="2026-03-30T14:46:34.6569740+02:00" testType="13cdc9d9-ddb5-4fa4-a97d-d965ccfc6d4b" outcome="Passed" testListId="8c84fa94-04c1-424b-9868-57a2d4851a1d" relativeResultsDirectory="0049b17a-e2a1-4983-83fc-e7a3d08c196d" />
    <UnitTestResult executionId="ac587e55-8576-41a0-8b4e-af797aaa70a2" testId="926491b1-5dcf-d9d9-4c08-9011b3097c33" testName="AquaPlan.Api.Tests.Controllers.RolesControllerTest.Controller_ShouldHaveAdministratorAuthorizeAttribute" computerName="macbook-pro" duration="00:00:00.0007709" startTime="2026-03-30T14:46:34.6473650+02:00" endTime="2026-03-30T14:46:34.6474410+02:00" testType="13cdc9d9-ddb5-4fa4-a97d-d965ccfc6d4b" outcome="Passed" testListId="8c84fa94-04c1-424b-9868-57a2d4851a1d" relativeResultsDirectory="ac587e55-8576-41a0-8b4e-af797aaa70a2" />
  </Results>
  <TestDefinitions>
    <UnitTest name="AquaPlan.Api.Tests.Controllers.OrdersControllerTest.CreateOrder_ShouldReturnForbid_WhenUserHasNoDistributorAccess" storage="/users/francois/documents/claude/projects/aquaplan/tests/aquaplan.api.tests/bin/debug/net10.0/aquaplan.api.tests.dll" id="84c77e3b-451f-d411-38e9-9afd0deb2369">
      <Execution id="e56a9ed8-5f49-4194-b9fc-da91e3beccad" />
      <TestMethod codeBase="/Users/francois/Documents/Claude/Projects/AquaPlan/tests/AquaPlan.Api.Tests/bin/Debug/net10.0/AquaPlan.Api.Tests.dll" adapterTypeName="executor://xunit/VsTestRunner3/netcore/" className="AquaPlan.Api.Tests.Controllers.OrdersControllerTest" name="CreateOrder_ShouldReturnForbid_WhenUserHasNoDistributorAccess" />
    </UnitTest>
    <UnitTest name="AquaPlan.Api.Tests.Controllers.HealthControllerTest.Get_ShouldReturnOkWithStatus" storage="/users/francois/documents/claude/projects/aquaplan/tests/aquaplan.api.tests/bin/debug/net10.0/aquaplan.api.tests.dll" id="441eece5-9062-2927-d8a3-c353acf361f2">
      <Execution id="7b5f816b-6dc1-4206-96de-e3165bc027b8" />
      <TestMethod codeBase="/Users/francois/Documents/Claude/Projects/AquaPlan/tests/AquaPlan.Api.Tests/bin/Debug/net10.0/AquaPlan.Api.Tests.dll" adapterTypeName="executor://xunit/VsTestRunner3/netcore/" className="AquaPlan.Api.Tests.Controllers.HealthControllerTest" name="Get_ShouldReturnOkWithStatus" />
    </UnitTest>
    <UnitTest name="AquaPlan.Api.Tests.Controllers.AuthControllerTest.OidcCallback_ShouldHaveAllowAnonymousAttribute" storage="/users/francois/documents/claude/projects/aquaplan/tests/aquaplan.api.tests/bin/debug/net10.0/aquaplan.api.tests.dll" id="48835f55-09f7-4c08-b6d6-f09c81057483">
      <Execution id="d2b9ebf8-713b-44c9-9126-12a3790c9e6e" />
      <TestMethod codeBase="/Users/francois/Documents/Claude/Projects/AquaPlan/tests/AquaPlan.Api.Tests/bin/Debug/net10.0/AquaPlan.Api.Tests.dll" adapterTypeName="executor://xunit/VsTestRunner3/netcore/" className="AquaPlan.Api.Tests.Controllers.AuthControllerTest" name="OidcCallback_ShouldHaveAllowAnonymousAttribute" />
    </UnitTest>
    <UnitTest name="AquaPlan.Api.Tests.Controllers.AuthControllerTest.OidcConfig_ShouldHaveAllowAnonymousAttribute" storage="/users/francois/documents/claude/projects/aquaplan/tests/aquaplan.api.tests/bin/debug/net10.0/aquaplan.api.tests.dll" id="7878f1e9-e4c0-84f4-948d-fabbc9da1e48">
      <Execution id="6cb2bcaf-cf8d-450d-89d8-a9fdad53aca8" />
      <TestMethod codeBase="/Users/francois/Documents/Claude/Projects/AquaPlan/tests/AquaPlan.Api.Tests/bin/Debug/net10.0/AquaPlan.Api.Tests.dll" adapterTypeName="executor://xunit/VsTestRunner3/netcore/" className="AquaPlan.Api.Tests.Controllers.AuthControllerTest" name="OidcConfig_ShouldHaveAllowAnonymousAttribute" />
    </UnitTest>
    <UnitTest name="AquaPlan.Api.Tests.Controllers.SamplingLocationsControllerTest.GetForCurrentUser_ShouldReturnAllLocations_WhenAdmin" storage="/users/francois/documents/claude/projects/aquaplan/tests/aquaplan.api.tests/bin/debug/net10.0/aquaplan.api.tests.dll" id="2c41f9cb-cf6a-5a3a-a941-4fde0004f552">
      <Execution id="d39dc9f8-b4d2-4dde-91e3-f9c877d5ada3" />
      <TestMethod codeBase="/Users/francois/Documents/Claude/Projects/AquaPlan/tests/AquaPlan.Api.Tests/bin/Debug/net10.0/AquaPlan.Api.Tests.dll" adapterTypeName="executor://xunit/VsTestRunner3/netcore/" className="AquaPlan.Api.Tests.Controllers.SamplingLocationsControllerTest" name="GetForCurrentUser_ShouldReturnAllLocations_WhenAdmin" />
    </UnitTest>
    <UnitTest name="AquaPlan.Api.Tests.Controllers.SamplingLocationsControllerTest.GetForCurrentUser_ShouldReturnUserLocations_WhenNotAdmin" storage="/users/francois/documents/claude/projects/aquaplan/tests/aquaplan.api.tests/bin/debug/net10.0/aquaplan.api.tests.dll" id="ac399d85-0ebc-5498-faed-4286f198b8f9">
      <Execution id="414498b3-132a-444f-aff4-f42c9d64ab0d" />
      <TestMethod codeBase="/Users/francois/Documents/Claude/Projects/AquaPlan/tests/AquaPlan.Api.Tests/bin/Debug/net10.0/AquaPlan.Api.Tests.dll" adapterTypeName="executor://xunit/VsTestRunner3/netcore/" className="AquaPlan.Api.Tests.Controllers.SamplingLocationsControllerTest" name="GetForCurrentUser_ShouldReturnUserLocations_WhenNotAdmin" />
    </UnitTest>
    <UnitTest name="AquaPlan.Api.Tests.Controllers.SamplingLocationsControllerTest.Update_ShouldReturnNotFound_WhenLocationDoesNotExist" storage="/users/francois/documents/claude/projects/aquaplan/tests/aquaplan.api.tests/bin/debug/net10.0/aquaplan.api.tests.dll" id="4e263d40-3307-f6bf-0217-fbfb0219351a">
      <Execution id="5a3588db-8a0a-45db-97a5-1b620957bd42" />
      <TestMethod codeBase="/Users/francois/Documents/Claude/Projects/AquaPlan/tests/AquaPlan.Api.Tests/bin/Debug/net10.0/AquaPlan.Api.Tests.dll" adapterTypeName="executor://xunit/VsTestRunner3/netcore/" className="AquaPlan.Api.Tests.Controllers.SamplingLocationsControllerTest" name="Update_ShouldReturnNotFound_WhenLocationDoesNotExist" />
    </UnitTest>
    <UnitTest name="AquaPlan.Api.Tests.Controllers.SamplingLocationsControllerTest.GetByDistributor_ShouldReturnOk" storage="/users/francois/documents/claude/projects/aquaplan/tests/aquaplan.api.tests/bin/debug/net10.0/aquaplan.api.tests.dll" id="82565b24-4b6f-2d41-abb1-929cba6451c4">
      <Execution id="2cf277e9-d329-4387-9be2-6e23f2da7adf" />
      <TestMethod codeBase="/Users/francois/Documents/Claude/Projects/AquaPlan/tests/AquaPlan.Api.Tests/bin/Debug/net10.0/AquaPlan.Api.Tests.dll" adapterTypeName="executor://xunit/VsTestRunner3/netcore/" className="AquaPlan.Api.Tests.Controllers.SamplingLocationsControllerTest" name="GetByDistributor_ShouldReturnOk" />
    </UnitTest>
    <UnitTest name="AquaPlan.Api.Tests.Controllers.HealthControllerTest.Get_ShouldHaveAllowAnonymousAttribute" storage="/users/francois/documents/claude/projects/aquaplan/tests/aquaplan.api.tests/bin/debug/net10.0/aquaplan.api.tests.dll" id="85dcadd3-6deb-2cc4-9366-9705c684fb98">
      <Execution id="eade32d3-e00a-461b-8650-def458da8891" />
      <TestMethod codeBase="/Users/francois/Documents/Claude/Projects/AquaPlan/tests/AquaPlan.Api.Tests/bin/Debug/net10.0/AquaPlan.Api.Tests.dll" adapterTypeName="executor://xunit/VsTestRunner3/netcore/" className="AquaPlan.Api.Tests.Controllers.HealthControllerTest" name="Get_ShouldHaveAllowAnonymousAttribute" />
    </UnitTest>
    <UnitTest name="AquaPlan.Api.Tests.Controllers.OrdersControllerTest.GetOrder_ShouldReturnOk_WhenUserHasAccess" storage="/users/francois/documents/claude/projects/aquaplan/tests/aquaplan.api.tests/bin/debug/net10.0/aquaplan.api.tests.dll" id="ed7d1b97-e512-0ae2-54b6-b4786822c6cd">
      <Execution id="f3df0544-e34e-43a2-9d96-544aa0d242be" />
      <TestMethod codeBase="/Users/francois/Documents/Claude/Projects/AquaPlan/tests/AquaPlan.Api.Tests/bin/Debug/net10.0/AquaPlan.Api.Tests.dll" adapterTypeName="executor://xunit/VsTestRunner3/netcore/" className="AquaPlan.Api.Tests.Controllers.OrdersControllerTest" name="GetOrder_ShouldReturnOk_WhenUserHasAccess" />
    </UnitTest>
    <UnitTest name="AquaPlan.Api.Tests.Controllers.AuthControllerTest.Me_ShouldHaveAuthorizeAttribute" storage="/users/francois/documents/claude/projects/aquaplan/tests/aquaplan.api.tests/bin/debug/net10.0/aquaplan.api.tests.dll" id="13505b6b-64bf-04af-5420-dd0c821825ca">
      <Execution id="92070459-b792-4783-af51-9e9ade13ffb5" />
      <TestMethod codeBase="/Users/francois/Documents/Claude/Projects/AquaPlan/tests/AquaPlan.Api.Tests/bin/Debug/net10.0/AquaPlan.Api.Tests.dll" adapterTypeName="executor://xunit/VsTestRunner3/netcore/" className="AquaPlan.Api.Tests.Controllers.AuthControllerTest" name="Me_ShouldHaveAuthorizeAttribute" />
    </UnitTest>
    <UnitTest name="AquaPlan.Api.Tests.Controllers.RolesControllerTest.GetPermissions_ShouldReturnOk" storage="/users/francois/documents/claude/projects/aquaplan/tests/aquaplan.api.tests/bin/debug/net10.0/aquaplan.api.tests.dll" id="c060441e-634a-c8fb-bd0f-dff087c7f8ba">
      <Execution id="8f602563-bb49-4147-bf6e-416e3bee8be9" />
      <TestMethod codeBase="/Users/francois/Documents/Claude/Projects/AquaPlan/tests/AquaPlan.Api.Tests/bin/Debug/net10.0/AquaPlan.Api.Tests.dll" adapterTypeName="executor://xunit/VsTestRunner3/netcore/" className="AquaPlan.Api.Tests.Controllers.RolesControllerTest" name="GetPermissions_ShouldReturnOk" />
    </UnitTest>
    <UnitTest name="AquaPlan.Api.Tests.Controllers.RolesControllerTest.Controller_ShouldHaveAdministratorAuthorizeAttribute" storage="/users/francois/documents/claude/projects/aquaplan/tests/aquaplan.api.tests/bin/debug/net10.0/aquaplan.api.tests.dll" id="926491b1-5dcf-d9d9-4c08-9011b3097c33">
      <Execution id="ac587e55-8576-41a0-8b4e-af797aaa70a2" />
      <TestMethod codeBase="/Users/francois/Documents/Claude/Projects/AquaPlan/tests/AquaPlan.Api.Tests/bin/Debug/net10.0/AquaPlan.Api.Tests.dll" adapterTypeName="executor://xunit/VsTestRunner3/netcore/" className="AquaPlan.Api.Tests.Controllers.RolesControllerTest" name="Controller_ShouldHaveAdministratorAuthorizeAttribute" />
    </UnitTest>
    <UnitTest name="AquaPlan.Api.Tests.Controllers.SamplingLocationsControllerTest.GetById_ShouldReturnOk_WhenLocationExists" storage="/users/francois/documents/claude/projects/aquaplan/tests/aquaplan.api.tests/bin/debug/net10.0/aquaplan.api.tests.dll" id="470e85dc-3def-8ceb-3265-39d2b56290a7">
      <Execution id="c9abb312-ea89-4f33-a3d2-740b6f986269" />
      <TestMethod codeBase="/Users/francois/Documents/Claude/Projects/AquaPlan/tests/AquaPlan.Api.Tests/bin/Debug/net10.0/AquaPlan.Api.Tests.dll" adapterTypeName="executor://xunit/VsTestRunner3/netcore/" className="AquaPlan.Api.Tests.Controllers.SamplingLocationsControllerTest" name="GetById_ShouldReturnOk_WhenLocationExists" />
    </UnitTest>
    <UnitTest name="AquaPlan.Api.Tests.Controllers.AuthControllerTest.OidcConfig_ShouldReturnEnabledFalse_WhenOidcDisabled" storage="/users/francois/documents/claude/projects/aquaplan/tests/aquaplan.api.tests/bin/debug/net10.0/aquaplan.api.tests.dll" id="8f1a3deb-5512-0fde-c45c-7921099f80ae">
      <Execution id="e8335cbf-7ddb-40ae-b5b4-82618554cd26" />
      <TestMethod codeBase="/Users/francois/Documents/Claude/Projects/AquaPlan/tests/AquaPlan.Api.Tests/bin/Debug/net10.0/AquaPlan.Api.Tests.dll" adapterTypeName="executor://xunit/VsTestRunner3/netcore/" className="AquaPlan.Api.Tests.Controllers.AuthControllerTest" name="OidcConfig_ShouldReturnEnabledFalse_WhenOidcDisabled" />
    </UnitTest>
    <UnitTest name="AquaPlan.Api.Tests.Controllers.OrdersControllerTest.AssignPreleveur_ShouldReturnOk_WhenSuccess" storage="/users/francois/documents/claude/projects/aquaplan/tests/aquaplan.api.tests/bin/debug/net10.0/aquaplan.api.tests.dll" id="03bd5aeb-2c2e-d093-b3ce-c0e1586fe47f">
      <Execution id="1b1061ad-7706-4d5d-af51-7cf2a8c45d8a" />
      <TestMethod codeBase="/Users/francois/Documents/Claude/Projects/AquaPlan/tests/AquaPlan.Api.Tests/bin/Debug/net10.0/AquaPlan.Api.Tests.dll" adapterTypeName="executor://xunit/VsTestRunner3/netcore/" className="AquaPlan.Api.Tests.Controllers.OrdersControllerTest" name="AssignPreleveur_ShouldReturnOk_WhenSuccess" />
    </UnitTest>
    <UnitTest name="AquaPlan.Api.Tests.Controllers.SamplingLocationsControllerTest.Controller_ShouldHaveAuthorizeAttribute" storage="/users/francois/documents/claude/projects/aquaplan/tests/aquaplan.api.tests/bin/debug/net10.0/aquaplan.api.tests.dll" id="afa1abb3-50dd-8b9a-4863-a9afd3a4a7a8">
      <Execution id="19d71f8b-7d99-446e-93e1-ee06525232d0" />
      <TestMethod codeBase="/Users/francois/Documents/Claude/Projects/AquaPlan/tests/AquaPlan.Api.Tests/bin/Debug/net10.0/AquaPlan.Api.Tests.dll" adapterTypeName="executor://xunit/VsTestRunner3/netcore/" className="AquaPlan.Api.Tests.Controllers.SamplingLocationsControllerTest" name="Controller_ShouldHaveAuthorizeAttribute" />
    </UnitTest>
    <UnitTest name="AquaPlan.Api.Tests.Middleware.CorrelationIdMiddlewareTest.InvokeAsync_ShouldPreserveCorrelationId_WhenAlreadyPresent" storage="/users/francois/documents/claude/projects/aquaplan/tests/aquaplan.api.tests/bin/debug/net10.0/aquaplan.api.tests.dll" id="89c30f69-eaab-105e-621e-d22c5b5bd2ab">
      <Execution id="56c6d6a9-77d5-4722-8d00-eccebd750bb5" />
      <TestMethod codeBase="/Users/francois/Documents/Claude/Projects/AquaPlan/tests/AquaPlan.Api.Tests/bin/Debug/net10.0/AquaPlan.Api.Tests.dll" adapterTypeName="executor://xunit/VsTestRunner3/netcore/" className="AquaPlan.Api.Tests.Middleware.CorrelationIdMiddlewareTest" name="InvokeAsync_ShouldPreserveCorrelationId_WhenAlreadyPresent" />
    </UnitTest>
    <UnitTest name="AquaPlan.Api.Tests.Controllers.OrdersControllerTest.GetOrders_ShouldReturnUserOrders_WhenUserDoesNotHaveViewAllPermission" storage="/users/francois/documents/claude/projects/aquaplan/tests/aquaplan.api.tests/bin/debug/net10.0/aquaplan.api.tests.dll" id="a8b03dc2-a8f1-ddd9-e194-9562bbca8ebb">
      <Execution id="b3797944-be41-4fd7-ac11-fd156cf66714" />
      <TestMethod codeBase="/Users/francois/Documents/Claude/Projects/AquaPlan/tests/AquaPlan.Api.Tests/bin/Debug/net10.0/AquaPlan.Api.Tests.dll" adapterTypeName="executor://xunit/VsTestRunner3/netcore/" className="AquaPlan.Api.Tests.Controllers.OrdersControllerTest" name="GetOrders_ShouldReturnUserOrders_WhenUserDoesNotHaveViewAllPermission" />
    </UnitTest>
    <UnitTest name="AquaPlan.Api.Tests.Controllers.OrdersControllerTest.CreateOrder_ShouldReturnCreatedAtAction_WhenUserHasDistributorAccess" storage="/users/francois/documents/claude/projects/aquaplan/tests/aquaplan.api.tests/bin/debug/net10.0/aquaplan.api.tests.dll" id="35d7a0cb-4934-4264-4da1-f1f07f9ed17c">
      <Execution id="dc7c08f6-1e13-4577-8e80-3cc35a49523f" />
      <TestMethod codeBase="/Users/francois/Documents/Claude/Projects/AquaPlan/tests/AquaPlan.Api.Tests/bin/Debug/net10.0/AquaPlan.Api.Tests.dll" adapterTypeName="executor://xunit/VsTestRunner3/netcore/" className="AquaPlan.Api.Tests.Controllers.OrdersControllerTest" name="CreateOrder_ShouldReturnCreatedAtAction_WhenUserHasDistributorAccess" />
    </UnitTest>
    <UnitTest name="AquaPlan.Api.Tests.Controllers.OrdersControllerTest.GetOrder_ShouldReturnForbid_WhenUserHasNoAccess" storage="/users/francois/documents/claude/projects/aquaplan/tests/aquaplan.api.tests/bin/debug/net10.0/aquaplan.api.tests.dll" id="b8f6367b-e37a-a5bb-7cbc-8ae6aa3e96f4">
      <Execution id="5c07f51d-bb31-4bbb-a45f-ada55254973d" />
      <TestMethod codeBase="/Users/francois/Documents/Claude/Projects/AquaPlan/tests/AquaPlan.Api.Tests/bin/Debug/net10.0/AquaPlan.Api.Tests.dll" adapterTypeName="executor://xunit/VsTestRunner3/netcore/" className="AquaPlan.Api.Tests.Controllers.OrdersControllerTest" name="GetOrder_ShouldReturnForbid_WhenUserHasNoAccess" />
    </UnitTest>
    <UnitTest name="AquaPlan.Api.Tests.Controllers.RolesControllerTest.AssignRole_ShouldReturnNotFound_WhenUserDoesNotExist" storage="/users/francois/documents/claude/projects/aquaplan/tests/aquaplan.api.tests/bin/debug/net10.0/aquaplan.api.tests.dll" id="5f5838d1-48e3-76e4-afb1-78622646717d">
      <Execution id="3a49d2c5-2bf3-4848-9320-5e4115a7bceb" />
      <TestMethod codeBase="/Users/francois/Documents/Claude/Projects/AquaPlan/tests/AquaPlan.Api.Tests/bin/Debug/net10.0/AquaPlan.Api.Tests.dll" adapterTypeName="executor://xunit/VsTestRunner3/netcore/" className="AquaPlan.Api.Tests.Controllers.RolesControllerTest" name="AssignRole_ShouldReturnNotFound_WhenUserDoesNotExist" />
    </UnitTest>
    <UnitTest name="AquaPlan.Api.Tests.Controllers.AuthControllerTest.OidcLogin_ShouldHaveAllowAnonymousAttribute" storage="/users/francois/documents/claude/projects/aquaplan/tests/aquaplan.api.tests/bin/debug/net10.0/aquaplan.api.tests.dll" id="0cc85147-6c23-a9e6-744d-a4f696446913">
      <Execution id="19ea508a-4dc7-4337-9c1f-1926d9ed4844" />
      <TestMethod codeBase="/Users/francois/Documents/Claude/Projects/AquaPlan/tests/AquaPlan.Api.Tests/bin/Debug/net10.0/AquaPlan.Api.Tests.dll" adapterTypeName="executor://xunit/VsTestRunner3/netcore/" className="AquaPlan.Api.Tests.Controllers.AuthControllerTest" name="OidcLogin_ShouldHaveAllowAnonymousAttribute" />
    </UnitTest>
    <UnitTest name="AquaPlan.Api.Tests.Controllers.OrdersControllerTest.GetOrders_ShouldReturnAllOrders_WhenUserHasViewAllPermission" storage="/users/francois/documents/claude/projects/aquaplan/tests/aquaplan.api.tests/bin/debug/net10.0/aquaplan.api.tests.dll" id="87166ac7-f1ad-91c0-3958-96e1d0140304">
      <Execution id="700edc96-caaa-4635-9dd3-b9c7d1e0558b" />
      <TestMethod codeBase="/Users/francois/Documents/Claude/Projects/AquaPlan/tests/AquaPlan.Api.Tests/bin/Debug/net10.0/AquaPlan.Api.Tests.dll" adapterTypeName="executor://xunit/VsTestRunner3/netcore/" className="AquaPlan.Api.Tests.Controllers.OrdersControllerTest" name="GetOrders_ShouldReturnAllOrders_WhenUserHasViewAllPermission" />
    </UnitTest>
    <UnitTest name="AquaPlan.Api.Tests.Controllers.AuthControllerTest.Login_ShouldReturnUnauthorized_WhenCredentialsAreInvalid" storage="/users/francois/documents/claude/projects/aquaplan/tests/aquaplan.api.tests/bin/debug/net10.0/aquaplan.api.tests.dll" id="d8fabf73-ae73-cea1-cafd-01e4b9a5365e">
      <Execution id="207e430d-00e1-4f9b-917c-e0c433274484" />
      <TestMethod codeBase="/Users/francois/Documents/Claude/Projects/AquaPlan/tests/AquaPlan.Api.Tests/bin/Debug/net10.0/AquaPlan.Api.Tests.dll" adapterTypeName="executor://xunit/VsTestRunner3/netcore/" className="AquaPlan.Api.Tests.Controllers.AuthControllerTest" name="Login_ShouldReturnUnauthorized_WhenCredentialsAreInvalid" />
    </UnitTest>
    <UnitTest name="AquaPlan.Api.Tests.Controllers.UsersControllerTest.GetUsers_ShouldReturnOk_WhenUsersExist" storage="/users/francois/documents/claude/projects/aquaplan/tests/aquaplan.api.tests/bin/debug/net10.0/aquaplan.api.tests.dll" id="8424e5a7-bd9e-8996-c111-e38214ee4d7c">
      <Execution id="0bca8d65-c19b-4d67-ad75-2a39cc633557" />
      <TestMethod codeBase="/Users/francois/Documents/Claude/Projects/AquaPlan/tests/AquaPlan.Api.Tests/bin/Debug/net10.0/AquaPlan.Api.Tests.dll" adapterTypeName="executor://xunit/VsTestRunner3/netcore/" className="AquaPlan.Api.Tests.Controllers.UsersControllerTest" name="GetUsers_ShouldReturnOk_WhenUsersExist" />
    </UnitTest>
    <UnitTest name="AquaPlan.Api.Tests.Controllers.UsersControllerTest.CreateUser_ShouldReturnCreatedAtAction" storage="/users/francois/documents/claude/projects/aquaplan/tests/aquaplan.api.tests/bin/debug/net10.0/aquaplan.api.tests.dll" id="f11b30b9-7db6-93c0-1529-5aabf19acdc3">
      <Execution id="4ff6a75b-8811-4ddc-864e-c29ec6cc6242" />
      <TestMethod codeBase="/Users/francois/Documents/Claude/Projects/AquaPlan/tests/AquaPlan.Api.Tests/bin/Debug/net10.0/AquaPlan.Api.Tests.dll" adapterTypeName="executor://xunit/VsTestRunner3/netcore/" className="AquaPlan.Api.Tests.Controllers.UsersControllerTest" name="CreateUser_ShouldReturnCreatedAtAction" />
    </UnitTest>
    <UnitTest name="AquaPlan.Api.Tests.Controllers.RolesControllerTest.AssignRole_ShouldReturnNoContent_WhenSuccess" storage="/users/francois/documents/claude/projects/aquaplan/tests/aquaplan.api.tests/bin/debug/net10.0/aquaplan.api.tests.dll" id="1cf11423-e704-b277-b7db-d8c95ec80dba">
      <Execution id="02503d75-f070-480a-bdbf-f421290c599e" />
      <TestMethod codeBase="/Users/francois/Documents/Claude/Projects/AquaPlan/tests/AquaPlan.Api.Tests/bin/Debug/net10.0/AquaPlan.Api.Tests.dll" adapterTypeName="executor://xunit/VsTestRunner3/netcore/" className="AquaPlan.Api.Tests.Controllers.RolesControllerTest" name="AssignRole_ShouldReturnNoContent_WhenSuccess" />
    </UnitTest>
    <UnitTest name="AquaPlan.Api.Tests.Controllers.SamplingLocationsControllerTest.Create_ShouldHaveAdministratorRoleAttribute" storage="/users/francois/documents/claude/projects/aquaplan/tests/aquaplan.api.tests/bin/debug/net10.0/aquaplan.api.tests.dll" id="5a97da37-1f29-4802-2c16-bcf9b699b020">
      <Execution id="03290c40-a28d-4207-985a-cdcf490ef86a" />
      <TestMethod codeBase="/Users/francois/Documents/Claude/Projects/AquaPlan/tests/AquaPlan.Api.Tests/bin/Debug/net10.0/AquaPlan.Api.Tests.dll" adapterTypeName="executor://xunit/VsTestRunner3/netcore/" className="AquaPlan.Api.Tests.Controllers.SamplingLocationsControllerTest" name="Create_ShouldHaveAdministratorRoleAttribute" />
    </UnitTest>
    <UnitTest name="AquaPlan.Api.Tests.Controllers.OrdersControllerTest.GetOrder_ShouldReturnOk_WhenAdminUser" storage="/users/francois/documents/claude/projects/aquaplan/tests/aquaplan.api.tests/bin/debug/net10.0/aquaplan.api.tests.dll" id="701d94c5-5d6c-2dc0-0cef-f0a84e80801f">
      <Execution id="0049b17a-e2a1-4983-83fc-e7a3d08c196d" />
      <TestMethod codeBase="/Users/francois/Documents/Claude/Projects/AquaPlan/tests/AquaPlan.Api.Tests/bin/Debug/net10.0/AquaPlan.Api.Tests.dll" adapterTypeName="executor://xunit/VsTestRunner3/netcore/" className="AquaPlan.Api.Tests.Controllers.OrdersControllerTest" name="GetOrder_ShouldReturnOk_WhenAdminUser" />
    </UnitTest>
    <UnitTest name="AquaPlan.Api.Tests.Controllers.SamplingLocationsControllerTest.GetById_ShouldReturnNotFound_WhenLocationDoesNotExist" storage="/users/francois/documents/claude/projects/aquaplan/tests/aquaplan.api.tests/bin/debug/net10.0/aquaplan.api.tests.dll" id="0a056543-b947-36f1-a8ef-8308954db12e">
      <Execution id="810a7318-55a4-43e8-920f-b9e9ae0450d9" />
      <TestMethod codeBase="/Users/francois/Documents/Claude/Projects/AquaPlan/tests/AquaPlan.Api.Tests/bin/Debug/net10.0/AquaPlan.Api.Tests.dll" adapterTypeName="executor://xunit/VsTestRunner3/netcore/" className="AquaPlan.Api.Tests.Controllers.SamplingLocationsControllerTest" name="GetById_ShouldReturnNotFound_WhenLocationDoesNotExist" />
    </UnitTest>
    <UnitTest name="AquaPlan.Api.Tests.Controllers.UsersControllerTest.DeactivateUser_ShouldReturnNoContent_WhenSuccess" storage="/users/francois/documents/claude/projects/aquaplan/tests/aquaplan.api.tests/bin/debug/net10.0/aquaplan.api.tests.dll" id="88656d1c-2458-cd47-1b7e-584c97543a73">
      <Execution id="d8235f11-6c81-4db8-8097-9c57d6710fa3" />
      <TestMethod codeBase="/Users/francois/Documents/Claude/Projects/AquaPlan/tests/AquaPlan.Api.Tests/bin/Debug/net10.0/AquaPlan.Api.Tests.dll" adapterTypeName="executor://xunit/VsTestRunner3/netcore/" className="AquaPlan.Api.Tests.Controllers.UsersControllerTest" name="DeactivateUser_ShouldReturnNoContent_WhenSuccess" />
    </UnitTest>
    <UnitTest name="AquaPlan.Api.Tests.Controllers.SamplingLocationsControllerTest.Create_ShouldReturnCreatedAtAction" storage="/users/francois/documents/claude/projects/aquaplan/tests/aquaplan.api.tests/bin/debug/net10.0/aquaplan.api.tests.dll" id="756f8b69-1f1c-a64d-4cac-48b4ca4d666f">
      <Execution id="56503043-881d-4391-9282-25bd5493d416" />
      <TestMethod codeBase="/Users/francois/Documents/Claude/Projects/AquaPlan/tests/AquaPlan.Api.Tests/bin/Debug/net10.0/AquaPlan.Api.Tests.dll" adapterTypeName="executor://xunit/VsTestRunner3/netcore/" className="AquaPlan.Api.Tests.Controllers.SamplingLocationsControllerTest" name="Create_ShouldReturnCreatedAtAction" />
    </UnitTest>
    <UnitTest name="AquaPlan.Api.Tests.Controllers.OrdersControllerTest.CreateOrder_ShouldReturnCreatedAtAction_WhenAdmin" storage="/users/francois/documents/claude/projects/aquaplan/tests/aquaplan.api.tests/bin/debug/net10.0/aquaplan.api.tests.dll" id="5f1f52dd-a7ef-a796-8004-c8623884912f">
      <Execution id="a6d892d9-f712-4a9e-ac09-7ab88b0aca62" />
      <TestMethod codeBase="/Users/francois/Documents/Claude/Projects/AquaPlan/tests/AquaPlan.Api.Tests/bin/Debug/net10.0/AquaPlan.Api.Tests.dll" adapterTypeName="executor://xunit/VsTestRunner3/netcore/" className="AquaPlan.Api.Tests.Controllers.OrdersControllerTest" name="CreateOrder_ShouldReturnCreatedAtAction_WhenAdmin" />
    </UnitTest>
    <UnitTest name="AquaPlan.Api.Tests.Controllers.OrdersControllerTest.GetOrder_ShouldReturnNotFound_WhenOrderDoesNotExist" storage="/users/francois/documents/claude/projects/aquaplan/tests/aquaplan.api.tests/bin/debug/net10.0/aquaplan.api.tests.dll" id="7615d359-16bd-657f-5de9-3f9ade8ce9ad">
      <Execution id="c1675b60-b2ba-4d21-be2f-9794141862b4" />
      <TestMethod codeBase="/Users/francois/Documents/Claude/Projects/AquaPlan/tests/AquaPlan.Api.Tests/bin/Debug/net10.0/AquaPlan.Api.Tests.dll" adapterTypeName="executor://xunit/VsTestRunner3/netcore/" className="AquaPlan.Api.Tests.Controllers.OrdersControllerTest" name="GetOrder_ShouldReturnNotFound_WhenOrderDoesNotExist" />
    </UnitTest>
    <UnitTest name="AquaPlan.Api.Tests.Controllers.OrdersControllerTest.AssignPreleveur_ShouldReturnNotFound_WhenOrderDoesNotExist" storage="/users/francois/documents/claude/projects/aquaplan/tests/aquaplan.api.tests/bin/debug/net10.0/aquaplan.api.tests.dll" id="6e30b599-e70d-a1e7-fc7c-49de547e8606">
      <Execution id="132e41cd-5268-4065-8a2a-4b05878c52ee" />
      <TestMethod codeBase="/Users/francois/Documents/Claude/Projects/AquaPlan/tests/AquaPlan.Api.Tests/bin/Debug/net10.0/AquaPlan.Api.Tests.dll" adapterTypeName="executor://xunit/VsTestRunner3/netcore/" className="AquaPlan.Api.Tests.Controllers.OrdersControllerTest" name="AssignPreleveur_ShouldReturnNotFound_WhenOrderDoesNotExist" />
    </UnitTest>
    <UnitTest name="AquaPlan.Api.Tests.Controllers.AuthControllerTest.OidcLogin_ShouldReturnBadRequest_WhenOidcDisabled" storage="/users/francois/documents/claude/projects/aquaplan/tests/aquaplan.api.tests/bin/debug/net10.0/aquaplan.api.tests.dll" id="97597c64-77b3-353d-ea0b-fcffea14f260">
      <Execution id="dbb46db2-640c-4d5e-b919-52a6780d0970" />
      <TestMethod codeBase="/Users/francois/Documents/Claude/Projects/AquaPlan/tests/AquaPlan.Api.Tests/bin/Debug/net10.0/AquaPlan.Api.Tests.dll" adapterTypeName="executor://xunit/VsTestRunner3/netcore/" className="AquaPlan.Api.Tests.Controllers.AuthControllerTest" name="OidcLogin_ShouldReturnBadRequest_WhenOidcDisabled" />
    </UnitTest>
    <UnitTest name="AquaPlan.Api.Tests.Controllers.UsersControllerTest.GetUser_ShouldReturnOk_WhenUserExists" storage="/users/francois/documents/claude/projects/aquaplan/tests/aquaplan.api.tests/bin/debug/net10.0/aquaplan.api.tests.dll" id="89764c65-a8af-cdca-cee5-184d7e43dd1c">
      <Execution id="c9af184d-6fee-41c5-a76c-3e18b8d88fab" />
      <TestMethod codeBase="/Users/francois/Documents/Claude/Projects/AquaPlan/tests/AquaPlan.Api.Tests/bin/Debug/net10.0/AquaPlan.Api.Tests.dll" adapterTypeName="executor://xunit/VsTestRunner3/netcore/" className="AquaPlan.Api.Tests.Controllers.UsersControllerTest" name="GetUser_ShouldReturnOk_WhenUserExists" />
    </UnitTest>
    <UnitTest name="AquaPlan.Api.Tests.Controllers.UsersControllerTest.GetCurrentUser_ShouldNotHaveAdministratorRoleAttribute" storage="/users/francois/documents/claude/projects/aquaplan/tests/aquaplan.api.tests/bin/debug/net10.0/aquaplan.api.tests.dll" id="402ec599-81d0-dc1d-f48d-211f9579eee4">
      <Execution id="db4408aa-0328-412f-935c-2084ffb30a42" />
      <TestMethod codeBase="/Users/francois/Documents/Claude/Projects/AquaPlan/tests/AquaPlan.Api.Tests/bin/Debug/net10.0/AquaPlan.Api.Tests.dll" adapterTypeName="executor://xunit/VsTestRunner3/netcore/" className="AquaPlan.Api.Tests.Controllers.UsersControllerTest" name="GetCurrentUser_ShouldNotHaveAdministratorRoleAttribute" />
    </UnitTest>
    <UnitTest name="AquaPlan.Api.Tests.Controllers.OrdersControllerTest.Controller_ShouldHaveAuthorizeAttribute" storage="/users/francois/documents/claude/projects/aquaplan/tests/aquaplan.api.tests/bin/debug/net10.0/aquaplan.api.tests.dll" id="c74f564a-1ccc-8606-2b47-e3224dac72b4">
      <Execution id="461e7af3-b8ee-4a82-9435-6d127a24700c" />
      <TestMethod codeBase="/Users/francois/Documents/Claude/Projects/AquaPlan/tests/AquaPlan.Api.Tests/bin/Debug/net10.0/AquaPlan.Api.Tests.dll" adapterTypeName="executor://xunit/VsTestRunner3/netcore/" className="AquaPlan.Api.Tests.Controllers.OrdersControllerTest" name="Controller_ShouldHaveAuthorizeAttribute" />
    </UnitTest>
    <UnitTest name="AquaPlan.Api.Tests.Controllers.RolesControllerTest.GetRole_ShouldReturnNotFound_WhenRoleDoesNotExist" storage="/users/francois/documents/claude/projects/aquaplan/tests/aquaplan.api.tests/bin/debug/net10.0/aquaplan.api.tests.dll" id="0d35d840-0c58-b895-fc86-ebd517551ed3">
      <Execution id="fc7b649c-e8be-4c15-9397-a8dcfa550587" />
      <TestMethod codeBase="/Users/francois/Documents/Claude/Projects/AquaPlan/tests/AquaPlan.Api.Tests/bin/Debug/net10.0/AquaPlan.Api.Tests.dll" adapterTypeName="executor://xunit/VsTestRunner3/netcore/" className="AquaPlan.Api.Tests.Controllers.RolesControllerTest" name="GetRole_ShouldReturnNotFound_WhenRoleDoesNotExist" />
    </UnitTest>
    <UnitTest name="AquaPlan.Api.Tests.Middleware.CorrelationIdMiddlewareTest.InvokeAsync_ShouldAddCorrelationIdHeader_WhenNotPresent" storage="/users/francois/documents/claude/projects/aquaplan/tests/aquaplan.api.tests/bin/debug/net10.0/aquaplan.api.tests.dll" id="3110f525-9311-3f6f-bcc0-925f0097baf8">
      <Execution id="38608c87-15de-413b-9398-addbe2113284" />
      <TestMethod codeBase="/Users/francois/Documents/Claude/Projects/AquaPlan/tests/AquaPlan.Api.Tests/bin/Debug/net10.0/AquaPlan.Api.Tests.dll" adapterTypeName="executor://xunit/VsTestRunner3/netcore/" className="AquaPlan.Api.Tests.Middleware.CorrelationIdMiddlewareTest" name="InvokeAsync_ShouldAddCorrelationIdHeader_WhenNotPresent" />
    </UnitTest>
    <UnitTest name="AquaPlan.Api.Tests.Controllers.SamplingLocationsControllerTest.Update_ShouldReturnOk_WhenSuccess" storage="/users/francois/documents/claude/projects/aquaplan/tests/aquaplan.api.tests/bin/debug/net10.0/aquaplan.api.tests.dll" id="4e5adb85-466e-0f6a-5d31-3aaadf8703be">
      <Execution id="eac4d21f-7548-4f0c-810c-103b9b0bf5de" />
      <TestMethod codeBase="/Users/francois/Documents/Claude/Projects/AquaPlan/tests/AquaPlan.Api.Tests/bin/Debug/net10.0/AquaPlan.Api.Tests.dll" adapterTypeName="executor://xunit/VsTestRunner3/netcore/" className="AquaPlan.Api.Tests.Controllers.SamplingLocationsControllerTest" name="Update_ShouldReturnOk_WhenSuccess" />
    </UnitTest>
    <UnitTest name="AquaPlan.Api.Tests.Controllers.UsersControllerTest.DeactivateUser_ShouldReturnNotFound_WhenUserDoesNotExist" storage="/users/francois/documents/claude/projects/aquaplan/tests/aquaplan.api.tests/bin/debug/net10.0/aquaplan.api.tests.dll" id="5baf7842-f8b1-cae2-963e-a09c4882d9b0">
      <Execution id="6e031547-d041-4186-a9a6-b0e233a63146" />
      <TestMethod codeBase="/Users/francois/Documents/Claude/Projects/AquaPlan/tests/AquaPlan.Api.Tests/bin/Debug/net10.0/AquaPlan.Api.Tests.dll" adapterTypeName="executor://xunit/VsTestRunner3/netcore/" className="AquaPlan.Api.Tests.Controllers.UsersControllerTest" name="DeactivateUser_ShouldReturnNotFound_WhenUserDoesNotExist" />
    </UnitTest>
    <UnitTest name="AquaPlan.Api.Tests.Controllers.RolesControllerTest.GetRole_ShouldReturnOk_WhenRoleExists" storage="/users/francois/documents/claude/projects/aquaplan/tests/aquaplan.api.tests/bin/debug/net10.0/aquaplan.api.tests.dll" id="909e726f-34f2-c5c0-c043-f5006e36801f">
      <Execution id="aa22b042-f656-45af-bfb5-f7cb8c725b2f" />
      <TestMethod codeBase="/Users/francois/Documents/Claude/Projects/AquaPlan/tests/AquaPlan.Api.Tests/bin/Debug/net10.0/AquaPlan.Api.Tests.dll" adapterTypeName="executor://xunit/VsTestRunner3/netcore/" className="AquaPlan.Api.Tests.Controllers.RolesControllerTest" name="GetRole_ShouldReturnOk_WhenRoleExists" />
    </UnitTest>
    <UnitTest name="AquaPlan.Api.Tests.Controllers.AuthControllerTest.OidcConfig_ShouldReturnEnabledTrue_WhenOidcEnabled" storage="/users/francois/documents/claude/projects/aquaplan/tests/aquaplan.api.tests/bin/debug/net10.0/aquaplan.api.tests.dll" id="4ff0db98-7357-d1ff-90fd-38a92b479e08">
      <Execution id="156e40b2-e556-48d0-9cc6-bc5bde6afed1" />
      <TestMethod codeBase="/Users/francois/Documents/Claude/Projects/AquaPlan/tests/AquaPlan.Api.Tests/bin/Debug/net10.0/AquaPlan.Api.Tests.dll" adapterTypeName="executor://xunit/VsTestRunner3/netcore/" className="AquaPlan.Api.Tests.Controllers.AuthControllerTest" name="OidcConfig_ShouldReturnEnabledTrue_WhenOidcEnabled" />
    </UnitTest>
    <UnitTest name="AquaPlan.Api.Tests.Controllers.UsersControllerTest.GetUser_ShouldReturnNotFound_WhenUserDoesNotExist" storage="/users/francois/documents/claude/projects/aquaplan/tests/aquaplan.api.tests/bin/debug/net10.0/aquaplan.api.tests.dll" id="2859b155-ddb7-244d-315a-eac7352e5068">
      <Execution id="9628a7a4-67f8-4da5-945c-190d1d75f085" />
      <TestMethod codeBase="/Users/francois/Documents/Claude/Projects/AquaPlan/tests/AquaPlan.Api.Tests/bin/Debug/net10.0/AquaPlan.Api.Tests.dll" adapterTypeName="executor://xunit/VsTestRunner3/netcore/" className="AquaPlan.Api.Tests.Controllers.UsersControllerTest" name="GetUser_ShouldReturnNotFound_WhenUserDoesNotExist" />
    </UnitTest>
    <UnitTest name="AquaPlan.Api.Tests.Controllers.AuthControllerTest.OidcLogin_ShouldReturnChallenge_WhenOidcEnabled" storage="/users/francois/documents/claude/projects/aquaplan/tests/aquaplan.api.tests/bin/debug/net10.0/aquaplan.api.tests.dll" id="a108237d-8e82-1cc2-6124-fa04632dba5a">
      <Execution id="7068dbde-2a74-43db-945b-71e74fdcd9db" />
      <TestMethod codeBase="/Users/francois/Documents/Claude/Projects/AquaPlan/tests/AquaPlan.Api.Tests/bin/Debug/net10.0/AquaPlan.Api.Tests.dll" adapterTypeName="executor://xunit/VsTestRunner3/netcore/" className="AquaPlan.Api.Tests.Controllers.AuthControllerTest" name="OidcLogin_ShouldReturnChallenge_WhenOidcEnabled" />
    </UnitTest>
    <UnitTest name="AquaPlan.Api.Tests.Controllers.RolesControllerTest.GetRoles_ShouldReturnOk" storage="/users/francois/documents/claude/projects/aquaplan/tests/aquaplan.api.tests/bin/debug/net10.0/aquaplan.api.tests.dll" id="0ffaf115-941d-02b1-337f-5899a542b7ac">
      <Execution id="841df22f-8b2b-4d9f-8689-aa9912731328" />
      <TestMethod codeBase="/Users/francois/Documents/Claude/Projects/AquaPlan/tests/AquaPlan.Api.Tests/bin/Debug/net10.0/AquaPlan.Api.Tests.dll" adapterTypeName="executor://xunit/VsTestRunner3/netcore/" className="AquaPlan.Api.Tests.Controllers.RolesControllerTest" name="GetRoles_ShouldReturnOk" />
    </UnitTest>
    <UnitTest name="AquaPlan.Api.Tests.Controllers.AuthControllerTest.Logout_ShouldHaveAuthorizeAttribute" storage="/users/francois/documents/claude/projects/aquaplan/tests/aquaplan.api.tests/bin/debug/net10.0/aquaplan.api.tests.dll" id="9f47c74e-06ae-4b50-4d13-3b30d268246b">
      <Execution id="54e88940-e6f1-4561-9c14-60043546c979" />
      <TestMethod codeBase="/Users/francois/Documents/Claude/Projects/AquaPlan/tests/AquaPlan.Api.Tests/bin/Debug/net10.0/AquaPlan.Api.Tests.dll" adapterTypeName="executor://xunit/VsTestRunner3/netcore/" className="AquaPlan.Api.Tests.Controllers.AuthControllerTest" name="Logout_ShouldHaveAuthorizeAttribute" />
    </UnitTest>
    <UnitTest name="AquaPlan.Api.Tests.Controllers.AuthControllerTest.Login_ShouldHaveAllowAnonymousAttribute" storage="/users/francois/documents/claude/projects/aquaplan/tests/aquaplan.api.tests/bin/debug/net10.0/aquaplan.api.tests.dll" id="8e66a4e4-d451-e64e-4a9d-553543017a20">
      <Execution id="621e9272-fd47-407c-bb66-a58cf50eb091" />
      <TestMethod codeBase="/Users/francois/Documents/Claude/Projects/AquaPlan/tests/AquaPlan.Api.Tests/bin/Debug/net10.0/AquaPlan.Api.Tests.dll" adapterTypeName="executor://xunit/VsTestRunner3/netcore/" className="AquaPlan.Api.Tests.Controllers.AuthControllerTest" name="Login_ShouldHaveAllowAnonymousAttribute" />
    </UnitTest>
    <UnitTest name="AquaPlan.Api.Tests.Controllers.AuthControllerTest.Login_ShouldReturnOk_WhenCredentialsAreValid" storage="/users/francois/documents/claude/projects/aquaplan/tests/aquaplan.api.tests/bin/debug/net10.0/aquaplan.api.tests.dll" id="899c8a85-28a8-2b31-16b9-74136ea42ca4">
      <Execution id="b8e72034-8e3f-4621-9214-00faa4ed7ad7" />
      <TestMethod codeBase="/Users/francois/Documents/Claude/Projects/AquaPlan/tests/AquaPlan.Api.Tests/bin/Debug/net10.0/AquaPlan.Api.Tests.dll" adapterTypeName="executor://xunit/VsTestRunner3/netcore/" className="AquaPlan.Api.Tests.Controllers.AuthControllerTest" name="Login_ShouldReturnOk_WhenCredentialsAreValid" />
    </UnitTest>
    <UnitTest name="AquaPlan.Api.Tests.Controllers.UsersControllerTest.GetUsers_ShouldHaveAdministratorRoleAttribute" storage="/users/francois/documents/claude/projects/aquaplan/tests/aquaplan.api.tests/bin/debug/net10.0/aquaplan.api.tests.dll" id="40c62391-de9a-ab65-959b-8915e28186f3">
      <Execution id="6a613fdf-555e-475f-8b8d-af1557a5a1cb" />
      <TestMethod codeBase="/Users/francois/Documents/Claude/Projects/AquaPlan/tests/AquaPlan.Api.Tests/bin/Debug/net10.0/AquaPlan.Api.Tests.dll" adapterTypeName="executor://xunit/VsTestRunner3/netcore/" className="AquaPlan.Api.Tests.Controllers.UsersControllerTest" name="GetUsers_ShouldHaveAdministratorRoleAttribute" />
    </UnitTest>
  </TestDefinitions>
  <TestEntries>
    <TestEntry testId="402ec599-81d0-dc1d-f48d-211f9579eee4" executionId="db4408aa-0328-412f-935c-2084ffb30a42" testListId="8c84fa94-04c1-424b-9868-57a2d4851a1d" />
    <TestEntry testId="899c8a85-28a8-2b31-16b9-74136ea42ca4" executionId="b8e72034-8e3f-4621-9214-00faa4ed7ad7" testListId="8c84fa94-04c1-424b-9868-57a2d4851a1d" />
    <TestEntry testId="4ff0db98-7357-d1ff-90fd-38a92b479e08" executionId="156e40b2-e556-48d0-9cc6-bc5bde6afed1" testListId="8c84fa94-04c1-424b-9868-57a2d4851a1d" />
    <TestEntry testId="0ffaf115-941d-02b1-337f-5899a542b7ac" executionId="841df22f-8b2b-4d9f-8689-aa9912731328" testListId="8c84fa94-04c1-424b-9868-57a2d4851a1d" />
    <TestEntry testId="a108237d-8e82-1cc2-6124-fa04632dba5a" executionId="7068dbde-2a74-43db-945b-71e74fdcd9db" testListId="8c84fa94-04c1-424b-9868-57a2d4851a1d" />
    <TestEntry testId="40c62391-de9a-ab65-959b-8915e28186f3" executionId="6a613fdf-555e-475f-8b8d-af1557a5a1cb" testListId="8c84fa94-04c1-424b-9868-57a2d4851a1d" />
    <TestEntry testId="5baf7842-f8b1-cae2-963e-a09c4882d9b0" executionId="6e031547-d041-4186-a9a6-b0e233a63146" testListId="8c84fa94-04c1-424b-9868-57a2d4851a1d" />
    <TestEntry testId="9f47c74e-06ae-4b50-4d13-3b30d268246b" executionId="54e88940-e6f1-4561-9c14-60043546c979" testListId="8c84fa94-04c1-424b-9868-57a2d4851a1d" />
    <TestEntry testId="85dcadd3-6deb-2cc4-9366-9705c684fb98" executionId="eade32d3-e00a-461b-8650-def458da8891" testListId="8c84fa94-04c1-424b-9868-57a2d4851a1d" />
    <TestEntry testId="82565b24-4b6f-2d41-abb1-929cba6451c4" executionId="2cf277e9-d329-4387-9be2-6e23f2da7adf" testListId="8c84fa94-04c1-424b-9868-57a2d4851a1d" />
    <TestEntry testId="afa1abb3-50dd-8b9a-4863-a9afd3a4a7a8" executionId="19d71f8b-7d99-446e-93e1-ee06525232d0" testListId="8c84fa94-04c1-424b-9868-57a2d4851a1d" />
    <TestEntry testId="ed7d1b97-e512-0ae2-54b6-b4786822c6cd" executionId="f3df0544-e34e-43a2-9d96-544aa0d242be" testListId="8c84fa94-04c1-424b-9868-57a2d4851a1d" />
    <TestEntry testId="8e66a4e4-d451-e64e-4a9d-553543017a20" executionId="621e9272-fd47-407c-bb66-a58cf50eb091" testListId="8c84fa94-04c1-424b-9868-57a2d4851a1d" />
    <TestEntry testId="88656d1c-2458-cd47-1b7e-584c97543a73" executionId="d8235f11-6c81-4db8-8097-9c57d6710fa3" testListId="8c84fa94-04c1-424b-9868-57a2d4851a1d" />
    <TestEntry testId="4e5adb85-466e-0f6a-5d31-3aaadf8703be" executionId="eac4d21f-7548-4f0c-810c-103b9b0bf5de" testListId="8c84fa94-04c1-424b-9868-57a2d4851a1d" />
    <TestEntry testId="6e30b599-e70d-a1e7-fc7c-49de547e8606" executionId="132e41cd-5268-4065-8a2a-4b05878c52ee" testListId="8c84fa94-04c1-424b-9868-57a2d4851a1d" />
    <TestEntry testId="2859b155-ddb7-244d-315a-eac7352e5068" executionId="9628a7a4-67f8-4da5-945c-190d1d75f085" testListId="8c84fa94-04c1-424b-9868-57a2d4851a1d" />
    <TestEntry testId="2c41f9cb-cf6a-5a3a-a941-4fde0004f552" executionId="d39dc9f8-b4d2-4dde-91e3-f9c877d5ada3" testListId="8c84fa94-04c1-424b-9868-57a2d4851a1d" />
    <TestEntry testId="f11b30b9-7db6-93c0-1529-5aabf19acdc3" executionId="4ff6a75b-8811-4ddc-864e-c29ec6cc6242" testListId="8c84fa94-04c1-424b-9868-57a2d4851a1d" />
    <TestEntry testId="a8b03dc2-a8f1-ddd9-e194-9562bbca8ebb" executionId="b3797944-be41-4fd7-ac11-fd156cf66714" testListId="8c84fa94-04c1-424b-9868-57a2d4851a1d" />
    <TestEntry testId="8f1a3deb-5512-0fde-c45c-7921099f80ae" executionId="e8335cbf-7ddb-40ae-b5b4-82618554cd26" testListId="8c84fa94-04c1-424b-9868-57a2d4851a1d" />
    <TestEntry testId="84c77e3b-451f-d411-38e9-9afd0deb2369" executionId="e56a9ed8-5f49-4194-b9fc-da91e3beccad" testListId="8c84fa94-04c1-424b-9868-57a2d4851a1d" />
    <TestEntry testId="97597c64-77b3-353d-ea0b-fcffea14f260" executionId="dbb46db2-640c-4d5e-b919-52a6780d0970" testListId="8c84fa94-04c1-424b-9868-57a2d4851a1d" />
    <TestEntry testId="5a97da37-1f29-4802-2c16-bcf9b699b020" executionId="03290c40-a28d-4207-985a-cdcf490ef86a" testListId="8c84fa94-04c1-424b-9868-57a2d4851a1d" />
    <TestEntry testId="d8fabf73-ae73-cea1-cafd-01e4b9a5365e" executionId="207e430d-00e1-4f9b-917c-e0c433274484" testListId="8c84fa94-04c1-424b-9868-57a2d4851a1d" />
    <TestEntry testId="0cc85147-6c23-a9e6-744d-a4f696446913" executionId="19ea508a-4dc7-4337-9c1f-1926d9ed4844" testListId="8c84fa94-04c1-424b-9868-57a2d4851a1d" />
    <TestEntry testId="ac399d85-0ebc-5498-faed-4286f198b8f9" executionId="414498b3-132a-444f-aff4-f42c9d64ab0d" testListId="8c84fa94-04c1-424b-9868-57a2d4851a1d" />
    <TestEntry testId="89764c65-a8af-cdca-cee5-184d7e43dd1c" executionId="c9af184d-6fee-41c5-a76c-3e18b8d88fab" testListId="8c84fa94-04c1-424b-9868-57a2d4851a1d" />
    <TestEntry testId="48835f55-09f7-4c08-b6d6-f09c81057483" executionId="d2b9ebf8-713b-44c9-9126-12a3790c9e6e" testListId="8c84fa94-04c1-424b-9868-57a2d4851a1d" />
    <TestEntry testId="8424e5a7-bd9e-8996-c111-e38214ee4d7c" executionId="0bca8d65-c19b-4d67-ad75-2a39cc633557" testListId="8c84fa94-04c1-424b-9868-57a2d4851a1d" />
    <TestEntry testId="87166ac7-f1ad-91c0-3958-96e1d0140304" executionId="700edc96-caaa-4635-9dd3-b9c7d1e0558b" testListId="8c84fa94-04c1-424b-9868-57a2d4851a1d" />
    <TestEntry testId="441eece5-9062-2927-d8a3-c353acf361f2" executionId="7b5f816b-6dc1-4206-96de-e3165bc027b8" testListId="8c84fa94-04c1-424b-9868-57a2d4851a1d" />
    <TestEntry testId="89c30f69-eaab-105e-621e-d22c5b5bd2ab" executionId="56c6d6a9-77d5-4722-8d00-eccebd750bb5" testListId="8c84fa94-04c1-424b-9868-57a2d4851a1d" />
    <TestEntry testId="b8f6367b-e37a-a5bb-7cbc-8ae6aa3e96f4" executionId="5c07f51d-bb31-4bbb-a45f-ada55254973d" testListId="8c84fa94-04c1-424b-9868-57a2d4851a1d" />
    <TestEntry testId="756f8b69-1f1c-a64d-4cac-48b4ca4d666f" executionId="56503043-881d-4391-9282-25bd5493d416" testListId="8c84fa94-04c1-424b-9868-57a2d4851a1d" />
    <TestEntry testId="03bd5aeb-2c2e-d093-b3ce-c0e1586fe47f" executionId="1b1061ad-7706-4d5d-af51-7cf2a8c45d8a" testListId="8c84fa94-04c1-424b-9868-57a2d4851a1d" />
    <TestEntry testId="3110f525-9311-3f6f-bcc0-925f0097baf8" executionId="38608c87-15de-413b-9398-addbe2113284" testListId="8c84fa94-04c1-424b-9868-57a2d4851a1d" />
    <TestEntry testId="0a056543-b947-36f1-a8ef-8308954db12e" executionId="810a7318-55a4-43e8-920f-b9e9ae0450d9" testListId="8c84fa94-04c1-424b-9868-57a2d4851a1d" />
    <TestEntry testId="5f5838d1-48e3-76e4-afb1-78622646717d" executionId="3a49d2c5-2bf3-4848-9320-5e4115a7bceb" testListId="8c84fa94-04c1-424b-9868-57a2d4851a1d" />
    <TestEntry testId="c060441e-634a-c8fb-bd0f-dff087c7f8ba" executionId="8f602563-bb49-4147-bf6e-416e3bee8be9" testListId="8c84fa94-04c1-424b-9868-57a2d4851a1d" />
    <TestEntry testId="35d7a0cb-4934-4264-4da1-f1f07f9ed17c" executionId="dc7c08f6-1e13-4577-8e80-3cc35a49523f" testListId="8c84fa94-04c1-424b-9868-57a2d4851a1d" />
    <TestEntry testId="c74f564a-1ccc-8606-2b47-e3224dac72b4" executionId="461e7af3-b8ee-4a82-9435-6d127a24700c" testListId="8c84fa94-04c1-424b-9868-57a2d4851a1d" />
    <TestEntry testId="909e726f-34f2-c5c0-c043-f5006e36801f" executionId="aa22b042-f656-45af-bfb5-f7cb8c725b2f" testListId="8c84fa94-04c1-424b-9868-57a2d4851a1d" />
    <TestEntry testId="7878f1e9-e4c0-84f4-948d-fabbc9da1e48" executionId="6cb2bcaf-cf8d-450d-89d8-a9fdad53aca8" testListId="8c84fa94-04c1-424b-9868-57a2d4851a1d" />
    <TestEntry testId="1cf11423-e704-b277-b7db-d8c95ec80dba" executionId="02503d75-f070-480a-bdbf-f421290c599e" testListId="8c84fa94-04c1-424b-9868-57a2d4851a1d" />
    <TestEntry testId="13505b6b-64bf-04af-5420-dd0c821825ca" executionId="92070459-b792-4783-af51-9e9ade13ffb5" testListId="8c84fa94-04c1-424b-9868-57a2d4851a1d" />
    <TestEntry testId="0d35d840-0c58-b895-fc86-ebd517551ed3" executionId="fc7b649c-e8be-4c15-9397-a8dcfa550587" testListId="8c84fa94-04c1-424b-9868-57a2d4851a1d" />
    <TestEntry testId="7615d359-16bd-657f-5de9-3f9ade8ce9ad" executionId="c1675b60-b2ba-4d21-be2f-9794141862b4" testListId="8c84fa94-04c1-424b-9868-57a2d4851a1d" />
    <TestEntry testId="5f1f52dd-a7ef-a796-8004-c8623884912f" executionId="a6d892d9-f712-4a9e-ac09-7ab88b0aca62" testListId="8c84fa94-04c1-424b-9868-57a2d4851a1d" />
    <TestEntry testId="470e85dc-3def-8ceb-3265-39d2b56290a7" executionId="c9abb312-ea89-4f33-a3d2-740b6f986269" testListId="8c84fa94-04c1-424b-9868-57a2d4851a1d" />
    <TestEntry testId="4e263d40-3307-f6bf-0217-fbfb0219351a" executionId="5a3588db-8a0a-45db-97a5-1b620957bd42" testListId="8c84fa94-04c1-424b-9868-57a2d4851a1d" />
    <TestEntry testId="701d94c5-5d6c-2dc0-0cef-f0a84e80801f" executionId="0049b17a-e2a1-4983-83fc-e7a3d08c196d" testListId="8c84fa94-04c1-424b-9868-57a2d4851a1d" />
    <TestEntry testId="926491b1-5dcf-d9d9-4c08-9011b3097c33" executionId="ac587e55-8576-41a0-8b4e-af797aaa70a2" testListId="8c84fa94-04c1-424b-9868-57a2d4851a1d" />
  </TestEntries>
  <TestLists>
    <TestList name="Les résultats ne figurent pas dans une liste" id="8c84fa94-04c1-424b-9868-57a2d4851a1d" />
    <TestList name="Tous les résultats chargés" id="19431567-8539-422a-85d7-44ee4e166bda" />
  </TestLists>
  <ResultSummary outcome="Completed">
    <Counters total="53" executed="53" passed="53" failed="0" error="0" timeout="0" aborted="0" inconclusive="0" passedButRunAborted="0" notRunnable="0" notExecuted="0" disconnected="0" warning="0" completed="0" inProgress="0" pending="0" />
    <Output>
      <StdOut>[xUnit.net 00:00:00.00] xUnit.net VSTest Adapter v3.1.4+50e68bbb8b (64-bit .NET 10.0.5)
[xUnit.net 00:00:00.17]   Discovering: AquaPlan.Api.Tests
[xUnit.net 00:00:00.24]   Discovered:  AquaPlan.Api.Tests
[xUnit.net 00:00:00.27]   Starting:    AquaPlan.Api.Tests
     Warning:
     The component "Fluent Assertions" is governed by the rules defined in the Xceed License Agreement and
     the Xceed Fluent Assertions Community License. You may use Fluent Assertions free of charge for
     non-commercial use only. An active subscription is required to use Fluent Assertions for commercial use.
     Please contact Xceed Sales mailto:sales@xceed.com to acquire a subscription at a very low cost.
     A paid commercial license supports the development and continued increasing support of
     Fluent Assertions users under both commercial and community licenses. Help us
     keep Fluent Assertions at the forefront of unit testing.
     For more information, visit https://xceed.com/products/unit-testing/fluent-assertions/
[xUnit.net 00:00:00.61]   Finished:    AquaPlan.Api.Tests
</StdOut>
    </Output>
  </ResultSummary>
</TestRun>